#
# There is insufficient memory for the Java Runtime Environment to continue.
# Native memory allocation (mmap) failed to map 482344960 bytes for G1 virtual space
# Possible reasons:
#   The system is out of physical RAM or swap space
#   The process is running with CompressedOops enabled, and the Java Heap may be blocking the growth of the native heap
# Possible solutions:
#   Reduce memory load on the system
#   Increase physical memory or swap space
#   Check if swap backing store is full
#   Decrease Java heap size (-Xmx/-Xms)
#   Decrease number of Java threads
#   Decrease Java thread stack sizes (-Xss)
#   Set larger code cache with -XX:ReservedCodeCacheSize=
#   JVM is running with Zero Based Compressed Oops mode in which the Java heap is
#     placed in the first 32GB address space. The Java Heap base address is the
#     maximum limit for the native heap growth. Please use -XX:HeapBaseMinAddress
#     to set the Java Heap base and to place the Java Heap above 32GB virtual address.
# This output file may be truncated or incomplete.
#
#  Out of Memory Error (os_windows.cpp:3535), pid=15324, tid=15588
#
# JRE version: OpenJDK Runtime Environment Temurin-17.0.3+7 (17.0.3+7) (build 17.0.3+7)
# Java VM: OpenJDK 64-Bit Server VM Temurin-17.0.3+7 (17.0.3+7, mixed mode, tiered, compressed oops, compressed class ptrs, g1 gc, windows-amd64)
# No core dump will be written. Minidumps are not enabled by default on client versions of Windows
#

---------------  S U M M A R Y ------------

Command Line: -ea -Dfile.encoding=UTF-8 -XX:+ShowCodeDetailsInExceptionMessages org.testng.remote.RemoteTestNG -serport 53795 -protocol json -d C:\Users\Shakir\OneDrive - Intact Green Services (India) PVT LTD\Desktop\CharlesAndroidHipiNeo\test-output C:\Users\Shakir\OneDrive - Intact Green Services (India) PVT LTD\Desktop\CharlesAndroidHipiNeo\Android_HiPi_Neo.xml

Host: 11th Gen Intel(R) Core(TM) i5-1135G7 @ 2.40GHz, 8 cores, 15G,  Windows 10 , 64 bit Build 19041 (10.0.19041.3155)
Time: Thu Aug 17 13:17:26 2023 India Standard Time elapsed time: 76.185959 seconds (0d 0h 1m 16s)

---------------  T H R E A D  ---------------

Current thread (0x0000017c8a37bfa0):  VMThread "VM Thread" [stack: 0x0000000c3cf00000,0x0000000c3d000000] [id=15588]

Stack: [0x0000000c3cf00000,0x0000000c3d000000]
Native frames: (J=compiled Java code, j=interpreted, Vv=VM code, C=native code)
V  [jvm.dll+0x675efa]
V  [jvm.dll+0x830a24]
V  [jvm.dll+0x8321ce]
V  [jvm.dll+0x832833]
V  [jvm.dll+0x2454b5]
V  [jvm.dll+0x672de9]
V  [jvm.dll+0x667732]
V  [jvm.dll+0x3043ab]
V  [jvm.dll+0x30b8f6]
V  [jvm.dll+0x35b62e]
V  [jvm.dll+0x35b85f]
V  [jvm.dll+0x2db248]
V  [jvm.dll+0x2d94fc]
V  [jvm.dll+0x2d8acc]
V  [jvm.dll+0x31ca2b]
V  [jvm.dll+0x836cdb]
V  [jvm.dll+0x837a14]
V  [jvm.dll+0x837f2c]
V  [jvm.dll+0x838304]
V  [jvm.dll+0x8383d0]
V  [jvm.dll+0x7e0cfa]
V  [jvm.dll+0x674d85]
C  [ucrtbase.dll+0x21bb2]
C  [KERNEL32.DLL+0x17614]
C  [ntdll.dll+0x526b1]

VM_Operation (0x0000000c3e6fd8e0): G1CollectForAllocation, mode: safepoint, requested by thread 0x0000017c8bffdfa0


---------------  P R O C E S S  ---------------

Threads class SMR info:
_java_thread_list=0x0000017c8c874050, length=26, elements={
0x0000017ceba42530, 0x0000017c8ac62260, 0x0000017c8ac62c10, 0x0000017c8ac321d0,
0x0000017c8ac32b80, 0x0000017c8ac35540, 0x0000017c8ac90010, 0x0000017c8ac94cb0,
0x0000017c8ac951c0, 0x0000017c8ac966e0, 0x0000017c8af4f3f0, 0x0000017c8af69a00,
0x0000017c8b4cc8d0, 0x0000017c8bffdfa0, 0x0000017c8c58a740, 0x0000017c8e0ee970,
0x0000017c8c5ebf10, 0x0000017c8c30b460, 0x0000017c8c30a120, 0x0000017c8c30c7a0,
0x0000017c8c30aac0, 0x0000017c8c30d610, 0x0000017c8c30dae0, 0x0000017c8e2b6cf0,
0x0000017c906dcd40, 0x0000017c8ee11a20
}

Java Threads: ( => current thread )
  0x0000017ceba42530 JavaThread "main" [_thread_blocked, id=14536, stack(0x0000000c3c900000,0x0000000c3ca00000)]
  0x0000017c8ac62260 JavaThread "Reference Handler" daemon [_thread_blocked, id=7028, stack(0x0000000c3d000000,0x0000000c3d100000)]
  0x0000017c8ac62c10 JavaThread "Finalizer" daemon [_thread_blocked, id=15680, stack(0x0000000c3d100000,0x0000000c3d200000)]
  0x0000017c8ac321d0 JavaThread "Signal Dispatcher" daemon [_thread_blocked, id=9432, stack(0x0000000c3d200000,0x0000000c3d300000)]
  0x0000017c8ac32b80 JavaThread "Attach Listener" daemon [_thread_blocked, id=15864, stack(0x0000000c3d300000,0x0000000c3d400000)]
  0x0000017c8ac35540 JavaThread "Service Thread" daemon [_thread_blocked, id=9036, stack(0x0000000c3d400000,0x0000000c3d500000)]
  0x0000017c8ac90010 JavaThread "Monitor Deflation Thread" daemon [_thread_blocked, id=4580, stack(0x0000000c3d500000,0x0000000c3d600000)]
  0x0000017c8ac94cb0 JavaThread "C2 CompilerThread0" daemon [_thread_blocked, id=9124, stack(0x0000000c3d600000,0x0000000c3d700000)]
  0x0000017c8ac951c0 JavaThread "C1 CompilerThread0" daemon [_thread_blocked, id=12304, stack(0x0000000c3d700000,0x0000000c3d800000)]
  0x0000017c8ac966e0 JavaThread "Sweeper thread" daemon [_thread_blocked, id=6272, stack(0x0000000c3d800000,0x0000000c3d900000)]
  0x0000017c8af4f3f0 JavaThread "Notification Thread" daemon [_thread_blocked, id=19296, stack(0x0000000c3d900000,0x0000000c3da00000)]
  0x0000017c8af69a00 JavaThread "Common-Cleaner" daemon [_thread_blocked, id=16232, stack(0x0000000c3db00000,0x0000000c3dc00000)]
  0x0000017c8b4cc8d0 JavaThread "ReaderThread" [_thread_in_native, id=17928, stack(0x0000000c3de00000,0x0000000c3df00000)]
  0x0000017c8bffdfa0 JavaThread "TestNG" [_thread_blocked, id=8644, stack(0x0000000c3e600000,0x0000000c3e700000)]
  0x0000017c8c58a740 JavaThread "ForkJoinPool.commonPool-worker-1" daemon [_thread_blocked, id=12744, stack(0x0000000c3e800000,0x0000000c3e900000)]
  0x0000017c8e0ee970 JavaThread "ForkJoinPool.commonPool-worker-2" daemon [_thread_blocked, id=1140, stack(0x0000000c3e900000,0x0000000c3ea00000)]
  0x0000017c8c5ebf10 JavaThread "ForkJoinPool.commonPool-worker-3" daemon [_thread_blocked, id=6036, stack(0x0000000c3ea00000,0x0000000c3eb00000)]
  0x0000017c8c30b460 JavaThread "ForkJoinPool.commonPool-worker-4" daemon [_thread_blocked, id=18612, stack(0x0000000c3eb00000,0x0000000c3ec00000)]
  0x0000017c8c30a120 JavaThread "OkHttp ConnectionPool" daemon [_thread_blocked, id=19152, stack(0x0000000c3ec00000,0x0000000c3ed00000)]
  0x0000017c8c30c7a0 JavaThread "Okio Watchdog" daemon [_thread_blocked, id=11596, stack(0x0000000c3ed00000,0x0000000c3ee00000)]
  0x0000017c8c30aac0 JavaThread "OkHttp ConnectionPool" daemon [_thread_blocked, id=18756, stack(0x0000000c3ee00000,0x0000000c3ef00000)]
  0x0000017c8c30d610 JavaThread "Java2D Disposer" daemon [_thread_blocked, id=14944, stack(0x0000000c3c700000,0x0000000c3c800000)]
  0x0000017c8c30dae0 JavaThread "AWT-Shutdown" [_thread_blocked, id=17644, stack(0x0000000c3c800000,0x0000000c3c900000)]
  0x0000017c8e2b6cf0 JavaThread "AWT-Windows" daemon [_thread_in_native, id=17876, stack(0x0000000c3f000000,0x0000000c3f100000)]
  0x0000017c906dcd40 JavaThread "C2 CompilerThread1" daemon [_thread_in_native, id=18204, stack(0x0000000c3f100000,0x0000000c3f200000)]
  0x0000017c8ee11a20 JavaThread "C2 CompilerThread2" daemon [_thread_blocked, id=2272, stack(0x0000000c3f200000,0x0000000c3f300000)]

Other Threads:
=>0x0000017c8a37bfa0 VMThread "VM Thread" [stack: 0x0000000c3cf00000,0x0000000c3d000000] [id=15588]
  0x0000017cebacb860 WatcherThread [stack: 0x0000000c3da00000,0x0000000c3db00000] [id=10440]
  0x0000017cebaaf930 GCTaskThread "GC Thread#0" [stack: 0x0000000c3ca00000,0x0000000c3cb00000] [id=1708]
  0x0000017c8bc86670 GCTaskThread "GC Thread#1" [stack: 0x0000000c3df00000,0x0000000c3e000000] [id=16256]
  0x0000017c8be162a0 GCTaskThread "GC Thread#2" [stack: 0x0000000c3e000000,0x0000000c3e100000] [id=5780]
  0x0000017c8be16550 GCTaskThread "GC Thread#3" [stack: 0x0000000c3e100000,0x0000000c3e200000] [id=17392]
  0x0000017c8b611b60 GCTaskThread "GC Thread#4" [stack: 0x0000000c3e200000,0x0000000c3e300000] [id=14224]
  0x0000017c8b611e10 GCTaskThread "GC Thread#5" [stack: 0x0000000c3e300000,0x0000000c3e400000] [id=15912]
  0x0000017c8c427810 GCTaskThread "GC Thread#6" [stack: 0x0000000c3e400000,0x0000000c3e500000] [id=11648]
  0x0000017c8e000c90 GCTaskThread "GC Thread#7" [stack: 0x0000000c3e500000,0x0000000c3e600000] [id=17072]
  0x0000017cebac1ab0 ConcurrentGCThread "G1 Main Marker" [stack: 0x0000000c3cb00000,0x0000000c3cc00000] [id=2812]
  0x0000017cebac24c0 ConcurrentGCThread "G1 Conc#0" [stack: 0x0000000c3cc00000,0x0000000c3cd00000] [id=6536]
  0x0000017c8c7cc750 ConcurrentGCThread "G1 Conc#1" [stack: 0x0000000c3e700000,0x0000000c3e800000] [id=10760]
  0x0000017c8a22e130 ConcurrentGCThread "G1 Refine#0" [stack: 0x0000000c3cd00000,0x0000000c3ce00000] [id=17804]
  0x0000017c8a22ea60 ConcurrentGCThread "G1 Service" [stack: 0x0000000c3ce00000,0x0000000c3cf00000] [id=18740]

Threads with active compile tasks:
C2 CompilerThread1    76196 6300   !   4       com.spire.xls.packages.sprcxf::spr\u2154\u2510 (1274 bytes)

VM state: at safepoint (normal execution)

VM Mutex/Monitor currently owned by a thread:  ([mutex/lock_event])
[0x0000017ceba3ed70] Threads_lock - owner thread: 0x0000017c8a37bfa0
[0x0000017ceba3ee00] Heap_lock - owner thread: 0x0000017c8bffdfa0

Heap address: 0x0000000705600000, size: 4010 MB, Compressed Oops mode: Zero based, Oop shift amount: 3

CDS archive(s) not mapped
Compressed class space mapped at: 0x0000000800000000-0x0000000840000000, reserved size: 1073741824
Narrow klass base: 0x0000000800000000, Narrow klass shift: 0, Narrow klass range: 0x40000000

GC Precious Log:
 CPUs: 8 total, 8 available
 Memory: 16039M
 Large Page Support: Disabled
 NUMA Support: Disabled
 Compressed Oops: Enabled (Zero based)
 Heap Region Size: 2M
 Heap Min Capacity: 8M
 Heap Initial Capacity: 252M
 Heap Max Capacity: 4010M
 Pre-touch: Disabled
 Parallel Workers: 8
 Concurrent Workers: 2
 Concurrent Refinement Workers: 8
 Periodic GC: Disabled

Heap:
 garbage-first heap   total 258048K, used 152860K [0x0000000705600000, 0x0000000800000000)
  region size 2048K, 1 young (2048K), 1 survivors (2048K)
 Metaspace       used 55758K, committed 56000K, reserved 1105920K
  class space    used 5828K, committed 5952K, reserved 1048576K

Heap Regions: E=young(eden), S=young(survivor), O=old, HS=humongous(starts), HC=humongous(continues), CS=collection set, F=free, OA=open archive, CA=closed archive, TAMS=top-at-mark-start (previous, next)
|   0|0x0000000705600000, 0x0000000705800000, 0x0000000705800000|100%|HS|  |TAMS 0x0000000705800000, 0x0000000705600000| Complete 
|   1|0x0000000705800000, 0x0000000705a00000, 0x0000000705a00000|100%|HS|  |TAMS 0x0000000705a00000, 0x0000000705800000| Complete 
|   2|0x0000000705a00000, 0x0000000705c00000, 0x0000000705c00000|100%|HC|  |TAMS 0x0000000705c00000, 0x0000000705a00000| Complete 
|   3|0x0000000705c00000, 0x0000000705e00000, 0x0000000705e00000|100%| O|  |TAMS 0x0000000705e00000, 0x0000000705c00000| Untracked 
|   4|0x0000000705e00000, 0x0000000706000000, 0x0000000706000000|100%| O|  |TAMS 0x0000000706000000, 0x0000000705e00000| Untracked 
|   5|0x0000000706000000, 0x0000000706200000, 0x0000000706200000|100%| O|  |TAMS 0x0000000706200000, 0x0000000706000000| Untracked 
|   6|0x0000000706200000, 0x0000000706400000, 0x0000000706400000|100%| O|  |TAMS 0x0000000706400000, 0x0000000706200000| Untracked 
|   7|0x0000000706400000, 0x0000000706600000, 0x0000000706600000|100%| O|  |TAMS 0x0000000706600000, 0x0000000706400000| Untracked 
|   8|0x0000000706600000, 0x0000000706800000, 0x0000000706800000|100%| O|  |TAMS 0x0000000706800000, 0x0000000706600000| Untracked 
|   9|0x0000000706800000, 0x0000000706a00000, 0x0000000706a00000|100%| O|  |TAMS 0x0000000706a00000, 0x0000000706800000| Untracked 
|  10|0x0000000706a00000, 0x0000000706c00000, 0x0000000706c00000|100%| O|  |TAMS 0x0000000706c00000, 0x0000000706a00000| Untracked 
|  11|0x0000000706c00000, 0x0000000706e00000, 0x0000000706e00000|100%| O|  |TAMS 0x0000000706e00000, 0x0000000706c00000| Untracked 
|  12|0x0000000706e00000, 0x0000000707000000, 0x0000000707000000|100%| O|  |TAMS 0x0000000707000000, 0x0000000706e00000| Untracked 
|  13|0x0000000707000000, 0x0000000707200000, 0x0000000707200000|100%| O|  |TAMS 0x0000000707200000, 0x0000000707000000| Untracked 
|  14|0x0000000707200000, 0x0000000707400000, 0x0000000707400000|100%| O|  |TAMS 0x0000000707400000, 0x0000000707200000| Updating 
|  15|0x0000000707400000, 0x0000000707600000, 0x0000000707600000|100%| O|  |TAMS 0x0000000707600000, 0x0000000707400000| Untracked 
|  16|0x0000000707600000, 0x0000000707800000, 0x0000000707800000|100%| O|  |TAMS 0x0000000707800000, 0x0000000707600000| Untracked 
|  17|0x0000000707800000, 0x0000000707a00000, 0x0000000707a00000|100%| O|  |TAMS 0x0000000707a00000, 0x0000000707800000| Updating 
|  18|0x0000000707a00000, 0x0000000707c00000, 0x0000000707c00000|100%| O|  |TAMS 0x0000000707c00000, 0x0000000707a00000| Updating 
|  19|0x0000000707c00000, 0x0000000707e00000, 0x0000000707e00000|100%| O|  |TAMS 0x0000000707e00000, 0x0000000707c00000| Updating 
|  20|0x0000000707e00000, 0x0000000708000000, 0x0000000708000000|100%| O|  |TAMS 0x0000000708000000, 0x0000000707e00000| Updating 
|  21|0x0000000708000000, 0x0000000708200000, 0x0000000708200000|100%| O|  |TAMS 0x0000000708200000, 0x0000000708000000| Untracked 
|  22|0x0000000708200000, 0x0000000708400000, 0x0000000708400000|100%| O|  |TAMS 0x0000000708400000, 0x0000000708200000| Updating 
|  23|0x0000000708400000, 0x0000000708600000, 0x0000000708600000|100%| O|  |TAMS 0x0000000708400000, 0x0000000708400000| Untracked 
|  24|0x0000000708600000, 0x0000000708800000, 0x0000000708800000|100%| O|  |TAMS 0x0000000708800000, 0x0000000708600000| Updating 
|  25|0x0000000708800000, 0x0000000708a00000, 0x0000000708a00000|100%| O|  |TAMS 0x0000000708a00000, 0x0000000708800000| Untracked 
|  26|0x0000000708a00000, 0x0000000708c00000, 0x0000000708c00000|100%| O|  |TAMS 0x0000000708c00000, 0x0000000708a00000| Untracked 
|  27|0x0000000708c00000, 0x0000000708e00000, 0x0000000708e00000|100%| O|  |TAMS 0x0000000708e00000, 0x0000000708c00000| Untracked 
|  28|0x0000000708e00000, 0x0000000709000000, 0x0000000709000000|100%| O|  |TAMS 0x0000000709000000, 0x0000000708e00000| Updating 
|  29|0x0000000709000000, 0x0000000709200000, 0x0000000709200000|100%| O|  |TAMS 0x0000000709200000, 0x0000000709000000| Updating 
|  30|0x0000000709200000, 0x0000000709400000, 0x0000000709400000|100%| O|  |TAMS 0x0000000709400000, 0x0000000709200000| Untracked 
|  31|0x0000000709400000, 0x0000000709600000, 0x0000000709600000|100%| O|  |TAMS 0x0000000709600000, 0x0000000709400000| Updating 
|  32|0x0000000709600000, 0x0000000709800000, 0x0000000709800000|100%|HS|  |TAMS 0x0000000709800000, 0x0000000709600000| Complete 
|  33|0x0000000709800000, 0x0000000709a00000, 0x0000000709a00000|100%|HC|  |TAMS 0x0000000709a00000, 0x0000000709800000| Complete 
|  34|0x0000000709a00000, 0x0000000709c00000, 0x0000000709c00000|100%| O|  |TAMS 0x0000000709c00000, 0x0000000709a00000| Updating 
|  35|0x0000000709c00000, 0x0000000709e00000, 0x0000000709e00000|100%| O|  |TAMS 0x0000000709e00000, 0x0000000709c00000| Updating 
|  36|0x0000000709e00000, 0x000000070a000000, 0x000000070a000000|100%| O|  |TAMS 0x000000070a000000, 0x0000000709e00000| Untracked 
|  37|0x000000070a000000, 0x000000070a200000, 0x000000070a200000|100%| O|  |TAMS 0x000000070a200000, 0x000000070a000000| Untracked 
|  38|0x000000070a200000, 0x000000070a400000, 0x000000070a400000|100%| O|  |TAMS 0x000000070a400000, 0x000000070a200000| Untracked 
|  39|0x000000070a400000, 0x000000070a600000, 0x000000070a600000|100%| O|  |TAMS 0x000000070a600000, 0x000000070a400000| Untracked 
|  40|0x000000070a600000, 0x000000070a800000, 0x000000070a800000|100%| O|  |TAMS 0x000000070a800000, 0x000000070a600000| Untracked 
|  41|0x000000070a800000, 0x000000070aa00000, 0x000000070aa00000|100%| O|  |TAMS 0x000000070aa00000, 0x000000070a800000| Untracked 
|  42|0x000000070aa00000, 0x000000070ac00000, 0x000000070ac00000|100%| O|  |TAMS 0x000000070aa00000, 0x000000070aa00000| Untracked 
|  43|0x000000070ac00000, 0x000000070ae00000, 0x000000070ae00000|100%| O|  |TAMS 0x000000070ae00000, 0x000000070ac00000| Untracked 
|  44|0x000000070ae00000, 0x000000070b000000, 0x000000070b000000|100%| O|  |TAMS 0x000000070b000000, 0x000000070ae00000| Untracked 
|  45|0x000000070b000000, 0x000000070b200000, 0x000000070b200000|100%| O|  |TAMS 0x000000070b200000, 0x000000070b000000| Untracked 
|  46|0x000000070b200000, 0x000000070b400000, 0x000000070b400000|100%| O|  |TAMS 0x000000070b400000, 0x000000070b200000| Untracked 
|  47|0x000000070b400000, 0x000000070b600000, 0x000000070b600000|100%| O|  |TAMS 0x000000070b4f0400, 0x000000070b400000| Updating 
|  48|0x000000070b600000, 0x000000070b800000, 0x000000070b800000|100%| O|  |TAMS 0x000000070b600000, 0x000000070b600000| Untracked 
|  49|0x000000070b800000, 0x000000070ba00000, 0x000000070ba00000|100%| O|  |TAMS 0x000000070b800000, 0x000000070b800000| Untracked 
|  50|0x000000070ba00000, 0x000000070bc00000, 0x000000070bc00000|100%| O|  |TAMS 0x000000070ba00000, 0x000000070ba00000| Untracked 
|  51|0x000000070bc00000, 0x000000070be00000, 0x000000070be00000|100%| O|  |TAMS 0x000000070bc00000, 0x000000070bc00000| Untracked 
|  52|0x000000070be00000, 0x000000070c000000, 0x000000070c000000|100%| O|  |TAMS 0x000000070be00000, 0x000000070be00000| Untracked 
|  53|0x000000070c000000, 0x000000070c200000, 0x000000070c200000|100%| O|  |TAMS 0x000000070c000000, 0x000000070c000000| Untracked 
|  54|0x000000070c200000, 0x000000070c400000, 0x000000070c400000|100%| O|  |TAMS 0x000000070c200000, 0x000000070c200000| Untracked 
|  55|0x000000070c400000, 0x000000070c600000, 0x000000070c600000|100%| O|  |TAMS 0x000000070c400000, 0x000000070c400000| Untracked 
|  56|0x000000070c600000, 0x000000070c800000, 0x000000070c800000|100%| O|  |TAMS 0x000000070c600000, 0x000000070c600000| Untracked 
|  57|0x000000070c800000, 0x000000070ca00000, 0x000000070ca00000|100%| O|  |TAMS 0x000000070c800000, 0x000000070c800000| Untracked 
|  58|0x000000070ca00000, 0x000000070cc00000, 0x000000070cc00000|100%| O|  |TAMS 0x000000070ca00000, 0x000000070ca00000| Untracked 
|  59|0x000000070cc00000, 0x000000070ce00000, 0x000000070ce00000|100%| O|  |TAMS 0x000000070cc00000, 0x000000070cc00000| Untracked 
|  60|0x000000070ce00000, 0x000000070d000000, 0x000000070d000000|100%| O|  |TAMS 0x000000070ce00000, 0x000000070ce00000| Untracked 
|  61|0x000000070d000000, 0x000000070d200000, 0x000000070d200000|100%| O|  |TAMS 0x000000070d000000, 0x000000070d000000| Untracked 
|  62|0x000000070d200000, 0x000000070d400000, 0x000000070d400000|100%| O|  |TAMS 0x000000070d200000, 0x000000070d200000| Untracked 
|  63|0x000000070d400000, 0x000000070d600000, 0x000000070d600000|100%| O|  |TAMS 0x000000070d400000, 0x000000070d400000| Untracked 
|  64|0x000000070d600000, 0x000000070d800000, 0x000000070d800000|100%| O|  |TAMS 0x000000070d600000, 0x000000070d600000| Untracked 
|  65|0x000000070d800000, 0x000000070da00000, 0x000000070da00000|100%| O|  |TAMS 0x000000070d800000, 0x000000070d800000| Untracked 
|  66|0x000000070da00000, 0x000000070dc00000, 0x000000070dc00000|100%| O|  |TAMS 0x000000070da00000, 0x000000070da00000| Untracked 
|  67|0x000000070dc00000, 0x000000070de00000, 0x000000070de00000|100%| O|  |TAMS 0x000000070dc00000, 0x000000070dc00000| Untracked 
|  68|0x000000070de00000, 0x000000070e000000, 0x000000070e000000|100%| O|  |TAMS 0x000000070de00000, 0x000000070de00000| Updating 
|  69|0x000000070e000000, 0x000000070e200000, 0x000000070e200000|100%| O|  |TAMS 0x000000070e000000, 0x000000070e000000| Untracked 
|  70|0x000000070e200000, 0x000000070e400000, 0x000000070e400000|100%| O|  |TAMS 0x000000070e200000, 0x000000070e200000| Untracked 
|  71|0x000000070e400000, 0x000000070e600000, 0x000000070e600000|100%| O|  |TAMS 0x000000070e400000, 0x000000070e400000| Untracked 
|  72|0x000000070e600000, 0x000000070e800000, 0x000000070e800000|100%| O|  |TAMS 0x000000070e600000, 0x000000070e600000| Untracked 
|  73|0x000000070e800000, 0x000000070e947000, 0x000000070ea00000| 63%| O|  |TAMS 0x000000070e800000, 0x000000070e800000| Untracked 
|  74|0x000000070ea00000, 0x000000070ea00000, 0x000000070ec00000|  0%| F|  |TAMS 0x000000070ea00000, 0x000000070ea00000| Untracked 
|  75|0x000000070ec00000, 0x000000070ec00000, 0x000000070ee00000|  0%| F|  |TAMS 0x000000070ec00000, 0x000000070ec00000| Untracked 
|  76|0x000000070ee00000, 0x000000070ee00000, 0x000000070f000000|  0%| F|  |TAMS 0x000000070ee00000, 0x000000070ee00000| Untracked 
|  77|0x000000070f000000, 0x000000070f000000, 0x000000070f200000|  0%| F|  |TAMS 0x000000070f000000, 0x000000070f000000| Untracked 
|  78|0x000000070f200000, 0x000000070f200000, 0x000000070f400000|  0%| F|  |TAMS 0x000000070f200000, 0x000000070f200000| Untracked 
|  79|0x000000070f400000, 0x000000070f400000, 0x000000070f600000|  0%| F|  |TAMS 0x000000070f400000, 0x000000070f400000| Untracked 
|  80|0x000000070f600000, 0x000000070f600000, 0x000000070f800000|  0%| F|  |TAMS 0x000000070f600000, 0x000000070f600000| Untracked 
|  81|0x000000070f800000, 0x000000070f800000, 0x000000070fa00000|  0%| F|  |TAMS 0x000000070f800000, 0x000000070f800000| Untracked 
|  82|0x000000070fa00000, 0x000000070fa00000, 0x000000070fc00000|  0%| F|  |TAMS 0x000000070fa00000, 0x000000070fa00000| Untracked 
|  83|0x000000070fc00000, 0x000000070fc00000, 0x000000070fe00000|  0%| F|  |TAMS 0x000000070fc00000, 0x000000070fc00000| Untracked 
|  84|0x000000070fe00000, 0x000000070fe00000, 0x0000000710000000|  0%| F|  |TAMS 0x000000070fe00000, 0x000000070fe00000| Untracked 
|  85|0x0000000710000000, 0x0000000710000000, 0x0000000710200000|  0%| F|  |TAMS 0x0000000710000000, 0x0000000710000000| Untracked 
|  86|0x0000000710200000, 0x0000000710200000, 0x0000000710400000|  0%| F|  |TAMS 0x0000000710200000, 0x0000000710200000| Untracked 
|  87|0x0000000710400000, 0x0000000710400000, 0x0000000710600000|  0%| F|  |TAMS 0x0000000710400000, 0x0000000710400000| Untracked 
|  88|0x0000000710600000, 0x0000000710600000, 0x0000000710800000|  0%| F|  |TAMS 0x0000000710600000, 0x0000000710600000| Untracked 
|  89|0x0000000710800000, 0x0000000710800000, 0x0000000710a00000|  0%| F|  |TAMS 0x0000000710800000, 0x0000000710800000| Untracked 
|  90|0x0000000710a00000, 0x0000000710a00000, 0x0000000710c00000|  0%| F|  |TAMS 0x0000000710a00000, 0x0000000710a00000| Untracked 
|  91|0x0000000710c00000, 0x0000000710c00000, 0x0000000710e00000|  0%| F|  |TAMS 0x0000000710c00000, 0x0000000710c00000| Untracked 
|  92|0x0000000710e00000, 0x0000000710e00000, 0x0000000711000000|  0%| F|  |TAMS 0x0000000710e00000, 0x0000000710e00000| Untracked 
|  93|0x0000000711000000, 0x0000000711000000, 0x0000000711200000|  0%| F|  |TAMS 0x0000000711000000, 0x0000000711000000| Untracked 
|  94|0x0000000711200000, 0x0000000711200000, 0x0000000711400000|  0%| F|  |TAMS 0x0000000711200000, 0x0000000711200000| Untracked 
|  95|0x0000000711400000, 0x0000000711400000, 0x0000000711600000|  0%| F|  |TAMS 0x0000000711400000, 0x0000000711400000| Untracked 
|  96|0x0000000711600000, 0x0000000711600000, 0x0000000711800000|  0%| F|  |TAMS 0x0000000711600000, 0x0000000711600000| Untracked 
|  97|0x0000000711800000, 0x0000000711800000, 0x0000000711a00000|  0%| F|  |TAMS 0x0000000711800000, 0x0000000711800000| Untracked 
|  98|0x0000000711a00000, 0x0000000711a00000, 0x0000000711c00000|  0%| F|  |TAMS 0x0000000711a00000, 0x0000000711a00000| Untracked 
|  99|0x0000000711c00000, 0x0000000711c00000, 0x0000000711e00000|  0%| F|  |TAMS 0x0000000711c00000, 0x0000000711c00000| Untracked 
| 100|0x0000000711e00000, 0x0000000711e00000, 0x0000000712000000|  0%| F|  |TAMS 0x0000000711e00000, 0x0000000711e00000| Untracked 
| 101|0x0000000712000000, 0x0000000712000000, 0x0000000712200000|  0%| F|  |TAMS 0x0000000712000000, 0x0000000712000000| Untracked 
| 102|0x0000000712200000, 0x0000000712200000, 0x0000000712400000|  0%| F|  |TAMS 0x0000000712200000, 0x0000000712200000| Untracked 
| 103|0x0000000712400000, 0x0000000712400000, 0x0000000712600000|  0%| F|  |TAMS 0x0000000712400000, 0x0000000712400000| Untracked 
| 104|0x0000000712600000, 0x0000000712600000, 0x0000000712800000|  0%| F|  |TAMS 0x0000000712600000, 0x0000000712600000| Untracked 
| 105|0x0000000712800000, 0x0000000712800000, 0x0000000712a00000|  0%| F|  |TAMS 0x0000000712800000, 0x0000000712800000| Untracked 
| 106|0x0000000712a00000, 0x0000000712a00000, 0x0000000712c00000|  0%| F|  |TAMS 0x0000000712a00000, 0x0000000712a00000| Untracked 
| 107|0x0000000712c00000, 0x0000000712c00000, 0x0000000712e00000|  0%| F|  |TAMS 0x0000000712c00000, 0x0000000712c00000| Untracked 
| 108|0x0000000712e00000, 0x0000000712e00000, 0x0000000713000000|  0%| F|  |TAMS 0x0000000712e00000, 0x0000000712e00000| Untracked 
| 109|0x0000000713000000, 0x0000000713000000, 0x0000000713200000|  0%| F|  |TAMS 0x0000000713000000, 0x0000000713000000| Untracked 
| 110|0x0000000713200000, 0x0000000713200000, 0x0000000713400000|  0%| F|  |TAMS 0x0000000713200000, 0x0000000713200000| Untracked 
| 111|0x0000000713400000, 0x0000000713400000, 0x0000000713600000|  0%| F|  |TAMS 0x0000000713400000, 0x0000000713400000| Untracked 
| 112|0x0000000713600000, 0x0000000713600000, 0x0000000713800000|  0%| F|  |TAMS 0x0000000713600000, 0x0000000713600000| Untracked 
| 113|0x0000000713800000, 0x0000000713800000, 0x0000000713a00000|  0%| F|  |TAMS 0x0000000713800000, 0x0000000713800000| Untracked 
| 114|0x0000000713a00000, 0x0000000713c00000, 0x0000000713c00000|100%| S|CS|TAMS 0x0000000713a00000, 0x0000000713a00000| Complete 
| 115|0x0000000713c00000, 0x0000000713c00000, 0x0000000713e00000|  0%| F|  |TAMS 0x0000000713c00000, 0x0000000713c00000| Untracked 
| 116|0x0000000713e00000, 0x0000000713e00000, 0x0000000714000000|  0%| F|  |TAMS 0x0000000713e00000, 0x0000000713e00000| Untracked 
| 117|0x0000000714000000, 0x0000000714000000, 0x0000000714200000|  0%| F|  |TAMS 0x0000000714000000, 0x0000000714000000| Untracked 
| 118|0x0000000714200000, 0x0000000714200000, 0x0000000714400000|  0%| F|  |TAMS 0x0000000714200000, 0x0000000714200000| Untracked 
| 119|0x0000000714400000, 0x0000000714400000, 0x0000000714600000|  0%| F|  |TAMS 0x0000000714400000, 0x0000000714400000| Untracked 
| 120|0x0000000714600000, 0x0000000714600000, 0x0000000714800000|  0%| F|  |TAMS 0x0000000714600000, 0x0000000714600000| Untracked 
| 121|0x0000000714800000, 0x0000000714800000, 0x0000000714a00000|  0%| F|  |TAMS 0x0000000714800000, 0x0000000714800000| Untracked 
| 122|0x0000000714a00000, 0x0000000714a00000, 0x0000000714c00000|  0%| F|  |TAMS 0x0000000714a00000, 0x0000000714a00000| Untracked 
| 123|0x0000000714c00000, 0x0000000714c00000, 0x0000000714e00000|  0%| F|  |TAMS 0x0000000714c00000, 0x0000000714c00000| Untracked 
| 124|0x0000000714e00000, 0x0000000714e00000, 0x0000000715000000|  0%| F|  |TAMS 0x0000000714e00000, 0x0000000714e00000| Untracked 
| 125|0x0000000715000000, 0x0000000715000000, 0x0000000715200000|  0%| F|  |TAMS 0x0000000715000000, 0x0000000715000000| Untracked 

Card table byte_map: [0x0000017cfec00000,0x0000017cff3e0000] _byte_map_base: 0x0000017cfb3d5000

Marking Bits (Prev, Next): (CMBitMap*) 0x0000017cebab0f90, (CMBitMap*) 0x0000017cebab0f50
 Prev Bits: [0x0000017c83eb0000, 0x0000017c87d58000)
 Next Bits: [0x0000017c80000000, 0x0000017c83ea8000)

Polling page: 0x0000017ce99e0000

Metaspace:

Usage:
  Non-class:     48.76 MB used.
      Class:      5.69 MB used.
       Both:     54.45 MB used.

Virtual space:
  Non-class space:       56.00 MB reserved,      48.88 MB ( 87%) committed,  7 nodes.
      Class space:        1.00 GB reserved,       5.81 MB ( <1%) committed,  1 nodes.
             Both:        1.05 GB reserved,      54.69 MB (  5%) committed. 

Chunk freelists:
   Non-Class:  3.14 MB
       Class:  2.16 MB
        Both:  5.30 MB

MaxMetaspaceSize: unlimited
CompressedClassSpaceSize: 1.00 GB
Initial GC threshold: 21.00 MB
Current GC threshold: 91.19 MB
CDS: off
MetaspaceReclaimPolicy: balanced
 - commit_granule_bytes: 65536.
 - commit_granule_words: 8192.
 - virtual_space_node_default_size: 1048576.
 - enlarge_chunks_in_place: 1.
 - new_chunks_are_fully_committed: 0.
 - uncommit_free_chunks: 1.
 - use_allocation_guard: 0.
 - handle_deallocations: 1.


Internal statistics:

num_allocs_failed_limit: 8.
num_arena_births: 326.
num_arena_deaths: 0.
num_vsnodes_births: 8.
num_vsnodes_deaths: 0.
num_space_committed: 873.
num_space_uncommitted: 0.
num_chunks_returned_to_freelist: 8.
num_chunks_taken_from_freelist: 1613.
num_chunk_merges: 3.
num_chunk_splits: 1152.
num_chunks_enlarged: 905.
num_purges: 0.
num_inconsistent_stats: 0.

CodeHeap 'non-profiled nmethods': size=120000Kb used=3494Kb max_used=3494Kb free=116505Kb
 bounds [0x0000017cf6bc0000, 0x0000017cf6f30000, 0x0000017cfe0f0000]
CodeHeap 'profiled nmethods': size=120000Kb used=11650Kb max_used=12738Kb free=108350Kb
 bounds [0x0000017cef690000, 0x0000017cf0310000, 0x0000017cf6bc0000]
CodeHeap 'non-nmethods': size=5760Kb used=1419Kb max_used=1465Kb free=4341Kb
 bounds [0x0000017cef0f0000, 0x0000017cef360000, 0x0000017cef690000]
 total_blobs=6150 nmethods=5397 adapters=664
 compilation: enabled
              stopped_count=0, restarted_count=0
 full_count=0

Compilation events (20 events):
Event: 75.987 Thread 0x0000017c8ac951c0 6296       3       java.lang.StringUTF16::indexOfChar (14 bytes)
Event: 75.987 Thread 0x0000017c8ac951c0 nmethod 6296 0x0000017cefd0f610 code [0x0000017cefd0f7e0, 0x0000017cefd0fb48]
Event: 75.988 Thread 0x0000017c906dcd40 6300   !   4       com.spire.xls.packages.sprcxf::spr\u2154\u2510 (1274 bytes)
Event: 75.990 Thread 0x0000017c8ee11a20 nmethod 6299 0x0000017cf6e57790 code [0x0000017cf6e57900, 0x0000017cf6e57a98]
Event: 75.991 Thread 0x0000017c8ee11a20 6301       4       com.spire.ms.System.Collections.Generic.Dictionary::set_Item (332 bytes)
Event: 75.991 Thread 0x0000017c8ac94cb0 6302       4       java.lang.String::compareTo (63 bytes)
Event: 75.992 Thread 0x0000017c8ac94cb0 nmethod 6302 0x0000017cf6f26590 code [0x0000017cf6f26700, 0x0000017cf6f26a98]
Event: 75.996 Thread 0x0000017c8ac94cb0 6303       4       com.spire.xls.packages.sprsov::spr\u2046\u224b\ufeff\u2014 (18 bytes)
Event: 75.996 Thread 0x0000017c8ac94cb0 nmethod 6303 0x0000017cf6e57290 code [0x0000017cf6e57400, 0x0000017cf6e574d8]
Event: 76.003 Thread 0x0000017c8ee11a20 nmethod 6301 0x0000017cf6f26b90 code [0x0000017cf6f26d60, 0x0000017cf6f27708]
Event: 76.004 Thread 0x0000017c8ac94cb0 6304       4       java.lang.StringUTF16::indexOf (43 bytes)
Event: 76.005 Thread 0x0000017c8ac94cb0 nmethod 6304 0x0000017cf6f27d90 code [0x0000017cf6f27f00, 0x0000017cf6f280d8]
Event: 76.037 Thread 0x0000017c8ee11a20 6305       4       com.spire.xls.packages.sproqv::spr\u252e\u2243\ufeff\u2014 (216 bytes)
Event: 76.039 Thread 0x0000017c8ee11a20 nmethod 6305 0x0000017cf6f28210 code [0x0000017cf6f283c0, 0x0000017cf6f28688]
Event: 76.040 Thread 0x0000017c8ac94cb0 6306       4       java.util.ArrayList::isEmpty (13 bytes)
Event: 76.041 Thread 0x0000017c8ac94cb0 nmethod 6306 0x0000017cf6f28990 code [0x0000017cf6f28b00, 0x0000017cf6f28b98]
Event: 76.048 Thread 0x0000017c8ee11a20 6307       4       com.spire.xls.packages.sprsaaa::spr\u2504\u2510\ufeff\u2014 (137 bytes)
Event: 76.051 Thread 0x0000017c8ee11a20 nmethod 6307 0x0000017cf6f28c90 code [0x0000017cf6f28e20, 0x0000017cf6f29238]
Event: 76.105 Thread 0x0000017c8ee11a20 6308       4       com.spire.xls.packages.sprehba::read (155 bytes)
Event: 76.106 Thread 0x0000017c8ee11a20 nmethod 6308 0x0000017cf6f29390 code [0x0000017cf6f29520, 0x0000017cf6f29798]

GC Heap History (20 events):
Event: 75.608 GC heap after
{Heap after GC invocations=16 (full 0):
 garbage-first heap   total 75776K, used 37299K [0x0000000705600000, 0x0000000800000000)
  region size 2048K, 3 young (6144K), 3 survivors (6144K)
 Metaspace       used 55726K, committed 56000K, reserved 1105920K
  class space    used 5828K, committed 5952K, reserved 1048576K
}
Event: 75.636 GC heap before
{Heap before GC invocations=16 (full 0):
 garbage-first heap   total 75776K, used 53683K [0x0000000705600000, 0x0000000800000000)
  region size 2048K, 11 young (22528K), 3 survivors (6144K)
 Metaspace       used 55728K, committed 56000K, reserved 1105920K
  class space    used 5828K, committed 5952K, reserved 1048576K
}
Event: 75.641 GC heap after
{Heap after GC invocations=17 (full 0):
 garbage-first heap   total 75776K, used 41557K [0x0000000705600000, 0x0000000800000000)
  region size 2048K, 2 young (4096K), 2 survivors (4096K)
 Metaspace       used 55728K, committed 56000K, reserved 1105920K
  class space    used 5828K, committed 5952K, reserved 1048576K
}
Event: 75.667 GC heap before
{Heap before GC invocations=17 (full 0):
 garbage-first heap   total 75776K, used 53845K [0x0000000705600000, 0x0000000800000000)
  region size 2048K, 9 young (18432K), 2 survivors (4096K)
 Metaspace       used 55745K, committed 56000K, reserved 1105920K
  class space    used 5828K, committed 5952K, reserved 1048576K
}
Event: 75.671 GC heap after
{Heap after GC invocations=18 (full 0):
 garbage-first heap   total 75776K, used 45617K [0x0000000705600000, 0x0000000800000000)
  region size 2048K, 2 young (4096K), 2 survivors (4096K)
 Metaspace       used 55745K, committed 56000K, reserved 1105920K
  class space    used 5828K, committed 5952K, reserved 1048576K
}
Event: 75.698 GC heap before
{Heap before GC invocations=18 (full 0):
 garbage-first heap   total 96256K, used 53809K [0x0000000705600000, 0x0000000800000000)
  region size 2048K, 7 young (14336K), 2 survivors (4096K)
 Metaspace       used 55745K, committed 56000K, reserved 1105920K
  class space    used 5828K, committed 5952K, reserved 1048576K
}
Event: 75.701 GC heap after
{Heap after GC invocations=19 (full 0):
 garbage-first heap   total 96256K, used 48724K [0x0000000705600000, 0x0000000800000000)
  region size 2048K, 1 young (2048K), 1 survivors (2048K)
 Metaspace       used 55745K, committed 56000K, reserved 1105920K
  class space    used 5828K, committed 5952K, reserved 1048576K
}
Event: 75.813 GC heap before
{Heap before GC invocations=20 (full 0):
 garbage-first heap   total 96256K, used 71252K [0x0000000705600000, 0x0000000800000000)
  region size 2048K, 12 young (24576K), 1 survivors (2048K)
 Metaspace       used 55745K, committed 56000K, reserved 1105920K
  class space    used 5828K, committed 5952K, reserved 1048576K
}
Event: 75.819 GC heap after
{Heap after GC invocations=21 (full 0):
 garbage-first heap   total 96256K, used 62250K [0x0000000705600000, 0x0000000800000000)
  region size 2048K, 2 young (4096K), 2 survivors (4096K)
 Metaspace       used 55745K, committed 56000K, reserved 1105920K
  class space    used 5828K, committed 5952K, reserved 1048576K
}
Event: 75.831 GC heap before
{Heap before GC invocations=21 (full 0):
 garbage-first heap   total 96256K, used 70442K [0x0000000705600000, 0x0000000800000000)
  region size 2048K, 6 young (12288K), 2 survivors (4096K)
 Metaspace       used 55745K, committed 56000K, reserved 1105920K
  class space    used 5828K, committed 5952K, reserved 1048576K
}
Event: 75.835 GC heap after
{Heap after GC invocations=22 (full 0):
 garbage-first heap   total 192512K, used 67022K [0x0000000705600000, 0x0000000800000000)
  region size 2048K, 1 young (2048K), 1 survivors (2048K)
 Metaspace       used 55745K, committed 56000K, reserved 1105920K
  class space    used 5828K, committed 5952K, reserved 1048576K
}
Event: 76.022 GC heap before
{Heap before GC invocations=23 (full 0):
 garbage-first heap   total 192512K, used 126414K [0x0000000705600000, 0x0000000800000000)
  region size 2048K, 28 young (57344K), 1 survivors (2048K)
 Metaspace       used 55758K, committed 56000K, reserved 1105920K
  class space    used 5828K, committed 5952K, reserved 1048576K
}
Event: 76.036 GC heap after
{Heap after GC invocations=24 (full 0):
 garbage-first heap   total 192512K, used 103361K [0x0000000705600000, 0x0000000800000000)
  region size 2048K, 4 young (8192K), 4 survivors (8192K)
 Metaspace       used 55758K, committed 56000K, reserved 1105920K
  class space    used 5828K, committed 5952K, reserved 1048576K
}
Event: 76.071 GC heap before
{Heap before GC invocations=24 (full 0):
 garbage-first heap   total 192512K, used 132033K [0x0000000705600000, 0x0000000800000000)
  region size 2048K, 19 young (38912K), 4 survivors (8192K)
 Metaspace       used 55758K, committed 56000K, reserved 1105920K
  class space    used 5828K, committed 5952K, reserved 1048576K
}
Event: 76.082 GC heap after
{Heap after GC invocations=25 (full 0):
 garbage-first heap   total 192512K, used 122802K [0x0000000705600000, 0x0000000800000000)
  region size 2048K, 3 young (6144K), 3 survivors (6144K)
 Metaspace       used 55758K, committed 56000K, reserved 1105920K
  class space    used 5828K, committed 5952K, reserved 1048576K
}
Event: 76.109 GC heap before
{Heap before GC invocations=25 (full 0):
 garbage-first heap   total 192512K, used 141234K [0x0000000705600000, 0x0000000800000000)
  region size 2048K, 12 young (24576K), 3 survivors (6144K)
 Metaspace       used 55758K, committed 56000K, reserved 1105920K
  class space    used 5828K, committed 5952K, reserved 1048576K
}
Event: 76.116 GC heap after
{Heap after GC invocations=26 (full 0):
 garbage-first heap   total 192512K, used 134541K [0x0000000705600000, 0x0000000800000000)
  region size 2048K, 2 young (4096K), 2 survivors (4096K)
 Metaspace       used 55758K, committed 56000K, reserved 1105920K
  class space    used 5828K, committed 5952K, reserved 1048576K
}
Event: 76.138 GC heap before
{Heap before GC invocations=26 (full 0):
 garbage-first heap   total 192512K, used 146829K [0x0000000705600000, 0x0000000800000000)
  region size 2048K, 9 young (18432K), 2 survivors (4096K)
 Metaspace       used 55758K, committed 56000K, reserved 1105920K
  class space    used 5828K, committed 5952K, reserved 1048576K
}
Event: 76.142 GC heap after
{Heap after GC invocations=27 (full 0):
 garbage-first heap   total 192512K, used 143667K [0x0000000705600000, 0x0000000800000000)
  region size 2048K, 2 young (4096K), 2 survivors (4096K)
 Metaspace       used 55758K, committed 56000K, reserved 1105920K
  class space    used 5828K, committed 5952K, reserved 1048576K
}
Event: 76.179 GC heap before
{Heap before GC invocations=27 (full 0):
 garbage-first heap   total 245760K, used 149811K [0x0000000705600000, 0x0000000800000000)
  region size 2048K, 7 young (14336K), 2 survivors (4096K)
 Metaspace       used 55758K, committed 56000K, reserved 1105920K
  class space    used 5828K, committed 5952K, reserved 1048576K
}

Deoptimization events (20 events):
Event: 75.739 Thread 0x0000017c8bffdfa0 Uncommon trap: trap_request=0xffffff45 fr.pc=0x0000017cf6f09970 relative=0x0000000000004490
Event: 75.739 Thread 0x0000017c8bffdfa0 Uncommon trap: reason=unstable_if action=reinterpret pc=0x0000017cf6f09970 method=java.lang.String.indexOf(II)I @ 4 c2
Event: 75.739 Thread 0x0000017c8bffdfa0 DEOPT PACKING pc=0x0000017cf6f09970 sp=0x0000000c3e6fdbc0
Event: 75.739 Thread 0x0000017c8bffdfa0 DEOPT UNPACKING pc=0x0000017cef145c23 sp=0x0000000c3e6fdb30 mode 2
Event: 75.739 Thread 0x0000017c8bffdfa0 Uncommon trap: trap_request=0xffffff45 fr.pc=0x0000017cf6bd6b38 relative=0x0000000000000198
Event: 75.739 Thread 0x0000017c8bffdfa0 Uncommon trap: reason=unstable_if action=reinterpret pc=0x0000017cf6bd6b38 method=java.lang.String.indexOf(II)I @ 4 c2
Event: 75.739 Thread 0x0000017c8bffdfa0 DEOPT PACKING pc=0x0000017cf6bd6b38 sp=0x0000000c3e6fdb80
Event: 75.739 Thread 0x0000017c8bffdfa0 DEOPT UNPACKING pc=0x0000017cef145c23 sp=0x0000000c3e6fdb20 mode 2
Event: 75.892 Thread 0x0000017c8bffdfa0 Uncommon trap: trap_request=0xffffff45 fr.pc=0x0000017cf6d2f730 relative=0x0000000000000750
Event: 75.892 Thread 0x0000017c8bffdfa0 Uncommon trap: reason=unstable_if action=reinterpret pc=0x0000017cf6d2f730 method=com.spire.ms.System.Collections.Generic.Dictionary.addItem(Ljava/lang/Object;Ljava/lang/Object;)V @ 67 c2
Event: 75.892 Thread 0x0000017c8bffdfa0 DEOPT PACKING pc=0x0000017cf6d2f730 sp=0x0000000c3e6fdc10
Event: 75.892 Thread 0x0000017c8bffdfa0 DEOPT UNPACKING pc=0x0000017cef145c23 sp=0x0000000c3e6fdbe0 mode 2
Event: 75.932 Thread 0x0000017c8bffdfa0 DEOPT PACKING pc=0x0000017cefd76b17 sp=0x0000000c3e6fd4d0
Event: 75.932 Thread 0x0000017c8bffdfa0 DEOPT UNPACKING pc=0x0000017cef146763 sp=0x0000000c3e6fc928 mode 0
Event: 75.942 Thread 0x0000017c8bffdfa0 DEOPT PACKING pc=0x0000017cef8c2242 sp=0x0000000c3e6fd380
Event: 75.942 Thread 0x0000017c8bffdfa0 DEOPT UNPACKING pc=0x0000017cef146763 sp=0x0000000c3e6fc810 mode 0
Event: 75.985 Thread 0x0000017c8bffdfa0 Uncommon trap: trap_request=0xffffff45 fr.pc=0x0000017cf6d9a854 relative=0x00000000000001d4
Event: 75.985 Thread 0x0000017c8bffdfa0 Uncommon trap: reason=unstable_if action=reinterpret pc=0x0000017cf6d9a854 method=java.lang.String.compareTo(Ljava/lang/String;)I @ 22 c2
Event: 75.985 Thread 0x0000017c8bffdfa0 DEOPT PACKING pc=0x0000017cf6d9a854 sp=0x0000000c3e6fdc70
Event: 75.985 Thread 0x0000017c8bffdfa0 DEOPT UNPACKING pc=0x0000017cef145c23 sp=0x0000000c3e6fdbf0 mode 2

Classes unloaded (0 events):
No events

Classes redefined (0 events):
No events

Internal exceptions (20 events):
Event: 8.927 Thread 0x0000017c8bffdfa0 Exception <a 'java/lang/NoSuchMethodError'{0x000000070972a4c0}: 'float java.lang.invoke.DirectMethodHandle$Holder.invokeVirtual(java.lang.Object, java.lang.Object)'> (0x000000070972a4c0) 
thrown [e:\jenkins\tmp\workspace\build\src\src\hotspot\share\interpreter\linkResolver.cpp, line 766]
Event: 8.927 Thread 0x0000017c8bffdfa0 Exception <a 'java/lang/NoSuchMethodError'{0x00000007097334b8}: 'long java.lang.invoke.DirectMethodHandle$Holder.invokeVirtual(java.lang.Object, java.lang.Object)'> (0x00000007097334b8) 
thrown [e:\jenkins\tmp\workspace\build\src\src\hotspot\share\interpreter\linkResolver.cpp, line 766]
Event: 8.930 Thread 0x0000017c8bffdfa0 Exception <a 'java/lang/NoSuchMethodError'{0x000000070975ff40}: 'java.lang.Object java.lang.invoke.DirectMethodHandle$Holder.invokeVirtual(java.lang.Object, java.lang.Object, java.lang.Object)'> (0x000000070975ff40) 
thrown [e:\jenkins\tmp\workspace\build\src\src\hotspot\share\interpreter\linkResolver.cpp, line 766]
Event: 8.959 Thread 0x0000017c8bffdfa0 Exception <a 'java/lang/NoSuchMethodError'{0x00000007094a6a08}: 'void java.lang.invoke.DirectMethodHandle$Holder.invokeSpecial(java.lang.Object, java.lang.Object, java.lang.Object, java.lang.Object, java.lang.Object)'> (0x00000007094a6a08) 
thrown [e:\jenkins\tmp\workspace\build\src\src\hotspot\share\interpreter\linkResolver.cpp, line 766]
Event: 9.086 Thread 0x0000017c8bffdfa0 Exception <a 'java/lang/NoSuchMethodError'{0x0000000715004f70}: 'void java.lang.invoke.DirectMethodHandle$Holder.invokeInterface(java.lang.Object, java.lang.Object, java.lang.Object)'> (0x0000000715004f70) 
thrown [e:\jenkins\tmp\workspace\build\src\src\hotspot\share\interpreter\linkResolver.cpp, line 766]
Event: 9.180 Thread 0x0000017c8bffdfa0 Exception <a 'java/lang/NoSuchMethodError'{0x0000000714719850}: 'void java.lang.invoke.DirectMethodHandle$Holder.invokeStatic(java.lang.Object, java.lang.Object, java.lang.Object, java.lang.Object)'> (0x0000000714719850) 
thrown [e:\jenkins\tmp\workspace\build\src\src\hotspot\share\interpreter\linkResolver.cpp, line 766]
Event: 16.534 Thread 0x0000017c8bffdfa0 Exception <a 'java/lang/NoSuchMethodError'{0x0000000709922040}: 'java.lang.Object java.lang.invoke.DirectMethodHandle$Holder.invokeSpecialIFC(java.lang.Object, java.lang.Object, java.lang.Object)'> (0x0000000709922040) 
thrown [e:\jenkins\tmp\workspace\build\src\src\hotspot\share\interpreter\linkResolver.cpp, line 766]
Event: 16.548 Thread 0x0000017c8bffdfa0 Exception <a 'java/lang/ClassNotFoundException'{0x00000007099a1610}: sun/util/logging/resources/spi/loggingProvider> (0x00000007099a1610) 
thrown [e:\jenkins\tmp\workspace\build\src\src\hotspot\share\classfile\systemDictionary.cpp, line 256]
Event: 16.558 Thread 0x0000017c8bffdfa0 Exception <a 'java/lang/NoSuchMethodError'{0x000000070961fa48}: 'java.lang.Object java.lang.invoke.Invokers$Holder.invoke_MT(java.lang.Object, java.lang.Object, java.lang.Object, java.lang.Object, java.lang.Object)'> (0x000000070961fa48) 
thrown [e:\jenkins\tmp\workspace\build\src\src\hotspot\share\interpreter\linkResolver.cpp, line 766]
Event: 16.558 Thread 0x0000017c8bffdfa0 Exception <a 'java/lang/NoSuchMethodError'{0x0000000709623e08}: 'void java.lang.invoke.Invokers$Holder.invokeExact_MT(java.lang.Object, java.lang.Object, java.lang.Object, java.lang.Object, java.lang.Object)'> (0x0000000709623e08) 
thrown [e:\jenkins\tmp\workspace\build\src\src\hotspot\share\interpreter\linkResolver.cpp, line 766]
Event: 16.591 Thread 0x0000017c8bffdfa0 Exception <a 'java/lang/NoSuchMethodError'{0x00000007096cb178}: 'java.lang.Object java.lang.invoke.DirectMethodHandle$Holder.invokeSpecialIFC(java.lang.Object, java.lang.Object)'> (0x00000007096cb178) 
thrown [e:\jenkins\tmp\workspace\build\src\src\hotspot\share\interpreter\linkResolver.cpp, line 766]
Event: 16.960 Thread 0x0000017c8bffdfa0 Exception <a 'java/lang/ClassNotFoundException'{0x00000007150b1cb0}: com/sun/org/apache/xml/internal/serializer/spi/XMLEntitiesProvider> (0x00000007150b1cb0) 
thrown [e:\jenkins\tmp\workspace\build\src\src\hotspot\share\classfile\systemDictionary.cpp, line 256]
Event: 17.099 Thread 0x0000017c8bffdfa0 Exception <a 'java/io/FileNotFoundException'{0x000000070987cd40}> (0x000000070987cd40) 
thrown [e:\jenkins\tmp\workspace\build\src\src\hotspot\share\prims\jni.cpp, line 516]
Event: 17.233 Thread 0x0000017c8bffdfa0 Exception <a 'java/lang/NoSuchMethodError'{0x00000007095b6f48}: 'void java.lang.invoke.DirectMethodHandle$Holder.invokeVirtual(java.lang.Object, java.lang.Object)'> (0x00000007095b6f48) 
thrown [e:\jenkins\tmp\workspace\build\src\src\hotspot\share\interpreter\linkResolver.cpp, line 766]
Event: 31.000 Thread 0x0000017c8bffdfa0 Exception <a 'java/lang/ClassNotFoundException'{0x0000000708d5fb98}: sun/misc/SharedSecrets> (0x0000000708d5fb98) 
thrown [e:\jenkins\tmp\workspace\build\src\src\hotspot\share\classfile\systemDictionary.cpp, line 256]
Event: 68.162 Thread 0x0000017c8bffdfa0 Implicit null exception at 0x0000017cf6ec8e0b to 0x0000017cf6ec9578
Event: 75.190 Thread 0x0000017c8bffdfa0 Exception <a 'java/lang/ClassNotFoundException'{0x0000000708e612f8}: sun/awt/resources/spi/awtProvider> (0x0000000708e612f8) 
thrown [e:\jenkins\tmp\workspace\build\src\src\hotspot\share\classfile\systemDictionary.cpp, line 256]
Event: 75.193 Thread 0x0000017c8bffdfa0 Exception <a 'java/io/FileNotFoundException'{0x0000000708e63be8}> (0x0000000708e63be8) 
thrown [e:\jenkins\tmp\workspace\build\src\src\hotspot\share\prims\jni.cpp, line 516]
Event: 75.194 Thread 0x0000017c8bffdfa0 Exception <a 'java/io/FileNotFoundException'{0x0000000708e65308}> (0x0000000708e65308) 
thrown [e:\jenkins\tmp\workspace\build\src\src\hotspot\share\prims\jni.cpp, line 516]
Event: 75.233 Thread 0x0000017c8bffdfa0 Exception <a 'java/lang/NoSuchMethodError'{0x0000000708ec9a68}: 'void java.lang.invoke.DirectMethodHandle$Holder.invokeStaticInit(java.lang.Object)'> (0x0000000708ec9a68) 
thrown [e:\jenkins\tmp\workspace\build\src\src\hotspot\share\interpreter\linkResolver.cpp, line 766]

VM Operations (20 events):
Event: 75.706 Executing VM operation: G1Concurrent done
Event: 75.813 Executing VM operation: G1CollectForAllocation
Event: 75.819 Executing VM operation: G1CollectForAllocation done
Event: 75.831 Executing VM operation: G1CollectForAllocation
Event: 75.835 Executing VM operation: G1CollectForAllocation done
Event: 75.870 Executing VM operation: G1Concurrent
Event: 75.873 Executing VM operation: G1Concurrent done
Event: 75.885 Executing VM operation: G1Concurrent
Event: 75.886 Executing VM operation: G1Concurrent done
Event: 76.022 Executing VM operation: G1CollectForAllocation
Event: 76.036 Executing VM operation: G1CollectForAllocation done
Event: 76.071 Executing VM operation: G1CollectForAllocation
Event: 76.082 Executing VM operation: G1CollectForAllocation done
Event: 76.109 Executing VM operation: G1CollectForAllocation
Event: 76.116 Executing VM operation: G1CollectForAllocation done
Event: 76.137 Executing VM operation: G1CollectForAllocation
Event: 76.142 Executing VM operation: G1CollectForAllocation done
Event: 76.143 Executing VM operation: G1Concurrent
Event: 76.145 Executing VM operation: G1Concurrent done
Event: 76.179 Executing VM operation: G1CollectForAllocation

Events (20 events):
Event: 75.219 loading class sun/java2d/Disposer done
Event: 75.219 loading class sun/java2d/Disposer$1
Event: 75.219 loading class sun/java2d/Disposer$1 done
Event: 75.219 loading class sun/awt/util/ThreadGroupUtils
Event: 75.220 loading class sun/awt/util/ThreadGroupUtils done
Event: 75.220 Thread 0x0000017c8c30d610 Thread added: 0x0000017c8c30d610
Event: 75.220 loading class sun/awt/AWTAutoShutdown
Event: 75.220 loading class sun/awt/AWTAutoShutdown done
Event: 75.220 Thread 0x0000017c8c30dae0 Thread added: 0x0000017c8c30dae0
Event: 75.221 Thread 0x0000017c8e2b6cf0 Thread added: 0x0000017c8e2b6cf0
Event: 75.233 loading class sun/awt/AWTAccessor$SystemColorAccessor
Event: 75.233 loading class sun/awt/AWTAccessor$SystemColorAccessor done
Event: 75.368 loading class com/sun/org/apache/xerces/internal/dom/DeferredAttrImpl
Event: 75.368 loading class com/sun/org/apache/xerces/internal/dom/DeferredAttrImpl done
Event: 75.371 Thread 0x0000017c906dcd40 Thread added: 0x0000017c906dcd40
Event: 75.386 loading class java/awt/geom/Point2D
Event: 75.386 loading class java/awt/geom/Point2D done
Event: 75.386 loading class java/awt/geom/Point2D$Float
Event: 75.386 loading class java/awt/geom/Point2D$Float done
Event: 75.554 Thread 0x0000017c8ee11a20 Thread added: 0x0000017c8ee11a20


Dynamic libraries:
0x00007ff65d970000 - 0x00007ff65d97e000 	C:\eclipse\plugins\org.eclipse.justj.openjdk.hotspot.jre.full.win32.x86_64_17.0.3.v20220515-1416\jre\bin\javaw.exe
0x00007ffdb6d10000 - 0x00007ffdb6f08000 	C:\Windows\SYSTEM32\ntdll.dll
0x00007ffdb5780000 - 0x00007ffdb583f000 	C:\Windows\System32\KERNEL32.DLL
0x00007ffdb4440000 - 0x00007ffdb4736000 	C:\Windows\System32\KERNELBASE.dll
0x00007ffdb48d0000 - 0x00007ffdb49d0000 	C:\Windows\System32\ucrtbase.dll
0x00007ffd97450000 - 0x00007ffd97468000 	C:\eclipse\plugins\org.eclipse.justj.openjdk.hotspot.jre.full.win32.x86_64_17.0.3.v20220515-1416\jre\bin\jli.dll
0x00007ffdb4e00000 - 0x00007ffdb4f9d000 	C:\Windows\System32\USER32.dll
0x00007ffdae920000 - 0x00007ffdae939000 	C:\eclipse\plugins\org.eclipse.justj.openjdk.hotspot.jre.full.win32.x86_64_17.0.3.v20220515-1416\jre\bin\VCRUNTIME140.dll
0x00007ffdb4740000 - 0x00007ffdb4762000 	C:\Windows\System32\win32u.dll
0x00007ffdb5a20000 - 0x00007ffdb5a4c000 	C:\Windows\System32\GDI32.dll
0x00007ffdb4aa0000 - 0x00007ffdb4bb5000 	C:\Windows\System32\gdi32full.dll
0x00007ffd9d410000 - 0x00007ffd9d6aa000 	C:\Windows\WinSxS\amd64_microsoft.windows.common-controls_6595b64144ccf1df_6.0.19041.1110_none_60b5254171f9507e\COMCTL32.dll
0x00007ffdb4a00000 - 0x00007ffdb4a9d000 	C:\Windows\System32\msvcp_win.dll
0x00007ffdb5c00000 - 0x00007ffdb5c9e000 	C:\Windows\System32\msvcrt.dll
0x00007ffdb4fa0000 - 0x00007ffdb4fd0000 	C:\Windows\System32\IMM32.DLL
0x00007ffdaf840000 - 0x00007ffdaf84c000 	C:\eclipse\plugins\org.eclipse.justj.openjdk.hotspot.jre.full.win32.x86_64_17.0.3.v20220515-1416\jre\bin\vcruntime140_1.dll
0x00007ffd8a7c0000 - 0x00007ffd8a851000 	C:\eclipse\plugins\org.eclipse.justj.openjdk.hotspot.jre.full.win32.x86_64_17.0.3.v20220515-1416\jre\bin\msvcp140.dll
0x00007ffd40f10000 - 0x00007ffd41b58000 	C:\eclipse\plugins\org.eclipse.justj.openjdk.hotspot.jre.full.win32.x86_64_17.0.3.v20220515-1416\jre\bin\server\jvm.dll
0x00007ffdb5970000 - 0x00007ffdb5a1f000 	C:\Windows\System32\ADVAPI32.dll
0x00007ffdb6760000 - 0x00007ffdb67fc000 	C:\Windows\System32\sechost.dll
0x00007ffdb6980000 - 0x00007ffdb6aa6000 	C:\Windows\System32\RPCRT4.dll
0x00007ffdb6ca0000 - 0x00007ffdb6ca8000 	C:\Windows\System32\PSAPI.DLL
0x00007ffd96370000 - 0x00007ffd96379000 	C:\Windows\SYSTEM32\WSOCK32.dll
0x00007ffdac190000 - 0x00007ffdac19a000 	C:\Windows\SYSTEM32\VERSION.dll
0x00007ffdaa010000 - 0x00007ffdaa037000 	C:\Windows\SYSTEM32\WINMM.dll
0x00007ffdb6860000 - 0x00007ffdb68cb000 	C:\Windows\System32\WS2_32.dll
0x00007ffdb2c10000 - 0x00007ffdb2c22000 	C:\Windows\SYSTEM32\kernel.appcore.dll
0x00007ffd9afc0000 - 0x00007ffd9afca000 	C:\eclipse\plugins\org.eclipse.justj.openjdk.hotspot.jre.full.win32.x86_64_17.0.3.v20220515-1416\jre\bin\jimage.dll
0x00007ffdb2210000 - 0x00007ffdb23f4000 	C:\Windows\SYSTEM32\DBGHELP.DLL
0x00007ffd99740000 - 0x00007ffd99774000 	C:\Windows\SYSTEM32\dbgcore.DLL
0x00007ffdb4ce0000 - 0x00007ffdb4d62000 	C:\Windows\System32\bcryptPrimitives.dll
0x00007ffd99e60000 - 0x00007ffd99e85000 	C:\eclipse\plugins\org.eclipse.justj.openjdk.hotspot.jre.full.win32.x86_64_17.0.3.v20220515-1416\jre\bin\java.dll
0x00007ffd963e0000 - 0x00007ffd963f8000 	C:\eclipse\plugins\org.eclipse.justj.openjdk.hotspot.jre.full.win32.x86_64_17.0.3.v20220515-1416\jre\bin\zip.dll
0x00007ffdb5030000 - 0x00007ffdb5774000 	C:\Windows\System32\SHELL32.dll
0x00007ffdb2430000 - 0x00007ffdb2bc3000 	C:\Windows\SYSTEM32\windows.storage.dll
0x00007ffdb5cb0000 - 0x00007ffdb6004000 	C:\Windows\System32\combase.dll
0x00007ffdb3c80000 - 0x00007ffdb3cae000 	C:\Windows\SYSTEM32\Wldp.dll
0x00007ffdb66a0000 - 0x00007ffdb674d000 	C:\Windows\System32\SHCORE.dll
0x00007ffdb6800000 - 0x00007ffdb6855000 	C:\Windows\System32\shlwapi.dll
0x00007ffdb4320000 - 0x00007ffdb4345000 	C:\Windows\SYSTEM32\profapi.dll
0x00007ffd93b70000 - 0x00007ffd93b89000 	C:\eclipse\plugins\org.eclipse.justj.openjdk.hotspot.jre.full.win32.x86_64_17.0.3.v20220515-1416\jre\bin\net.dll
0x00007ffdaeb40000 - 0x00007ffdaec4a000 	C:\Windows\SYSTEM32\WINHTTP.dll
0x00007ffdb3a60000 - 0x00007ffdb3aca000 	C:\Windows\system32\mswsock.dll
0x00007ffd88620000 - 0x00007ffd88635000 	C:\eclipse\plugins\org.eclipse.justj.openjdk.hotspot.jre.full.win32.x86_64_17.0.3.v20220515-1416\jre\bin\nio.dll
0x00007ffd97240000 - 0x00007ffd97250000 	C:\eclipse\plugins\org.eclipse.justj.openjdk.hotspot.jre.full.win32.x86_64_17.0.3.v20220515-1416\jre\bin\verify.dll
0x00007ffdb37b0000 - 0x00007ffdb387a000 	C:\Windows\SYSTEM32\DNSAPI.dll
0x00007ffdb3770000 - 0x00007ffdb37ab000 	C:\Windows\SYSTEM32\IPHLPAPI.DLL
0x00007ffdb6750000 - 0x00007ffdb6758000 	C:\Windows\System32\NSI.dll
0x00007ffdab880000 - 0x00007ffdab88a000 	C:\Windows\System32\rasadhlp.dll
0x00007ffdaa940000 - 0x00007ffdaa9c2000 	C:\Windows\System32\fwpuclnt.dll
0x00007ffdb49d0000 - 0x00007ffdb49f7000 	C:\Windows\System32\bcrypt.dll
0x00007ffdb3d20000 - 0x00007ffdb3d38000 	C:\Windows\SYSTEM32\CRYPTSP.dll
0x00007ffdb3390000 - 0x00007ffdb33c4000 	C:\Windows\system32\rsaenh.dll
0x00007ffdb42e0000 - 0x00007ffdb430e000 	C:\Windows\SYSTEM32\USERENV.dll
0x00007ffdb3bf0000 - 0x00007ffdb3bfc000 	C:\Windows\SYSTEM32\CRYPTBASE.dll
0x00007ffdab890000 - 0x00007ffdab8a7000 	C:\Windows\SYSTEM32\dhcpcsvc6.DLL
0x00007ffdac420000 - 0x00007ffdac43d000 	C:\Windows\SYSTEM32\dhcpcsvc.DLL
0x00007ffd8bc90000 - 0x00007ffd8bc99000 	C:\eclipse\plugins\org.eclipse.justj.openjdk.hotspot.jre.full.win32.x86_64_17.0.3.v20220515-1416\jre\bin\management.dll
0x00007ffd88610000 - 0x00007ffd8861b000 	C:\eclipse\plugins\org.eclipse.justj.openjdk.hotspot.jre.full.win32.x86_64_17.0.3.v20220515-1416\jre\bin\management_ext.dll
0x00007ffd8e550000 - 0x00007ffd8e567000 	C:\Windows\system32\napinsp.dll
0x00007ffd8e530000 - 0x00007ffd8e54b000 	C:\Windows\system32\pnrpnsp.dll
0x00007ffdaee20000 - 0x00007ffdaee35000 	C:\Windows\system32\wshbth.dll
0x00007ffdaf5c0000 - 0x00007ffdaf5dd000 	C:\Windows\system32\NLAapi.dll
0x00007ffd8e4d0000 - 0x00007ffd8e4e2000 	C:\Windows\System32\winrnr.dll
0x00007ffd96d50000 - 0x00007ffd96d5e000 	C:\eclipse\plugins\org.eclipse.justj.openjdk.hotspot.jre.full.win32.x86_64_17.0.3.v20220515-1416\jre\bin\sunmscapi.dll
0x00007ffdb4770000 - 0x00007ffdb48ce000 	C:\Windows\System32\CRYPT32.dll
0x00007ffdb3ea0000 - 0x00007ffdb3ec8000 	C:\Windows\SYSTEM32\ncrypt.dll
0x00007ffdb3e60000 - 0x00007ffdb3e9b000 	C:\Windows\SYSTEM32\NTASN1.dll
0x00007ffd7e9e0000 - 0x00007ffd7eb6e000 	C:\eclipse\plugins\org.eclipse.justj.openjdk.hotspot.jre.full.win32.x86_64_17.0.3.v20220515-1416\jre\bin\awt.dll
0x00007ffdb6ab0000 - 0x00007ffdb6b7d000 	C:\Windows\System32\OLEAUT32.dll
0x00007ffdb15b0000 - 0x00007ffdb1641000 	C:\Windows\SYSTEM32\apphelp.dll
0x00007ffdb1890000 - 0x00007ffdb192e000 	C:\Windows\system32\uxtheme.dll
0x00007ffdb6b80000 - 0x00007ffdb6c94000 	C:\Windows\System32\MSCTF.dll
0x00007ffdb5840000 - 0x00007ffdb596a000 	C:\Windows\System32\ole32.dll

dbghelp: loaded successfully - version: 4.0.5 - missing functions: none
symbol engine: initialized successfully - sym options: 0x614 - pdb path: .;C:\eclipse\plugins\org.eclipse.justj.openjdk.hotspot.jre.full.win32.x86_64_17.0.3.v20220515-1416\jre\bin;C:\Windows\SYSTEM32;C:\Windows\WinSxS\amd64_microsoft.windows.common-controls_6595b64144ccf1df_6.0.19041.1110_none_60b5254171f9507e;C:\eclipse\plugins\org.eclipse.justj.openjdk.hotspot.jre.full.win32.x86_64_17.0.3.v20220515-1416\jre\bin\server

VM Arguments:
jvm_args: -ea -Dfile.encoding=UTF-8 -XX:+ShowCodeDetailsInExceptionMessages 
java_command: org.testng.remote.RemoteTestNG -serport 53795 -protocol json -d C:\Users\Shakir\OneDrive - Intact Green Services (India) PVT LTD\Desktop\CharlesAndroidHipiNeo\test-output C:\Users\Shakir\OneDrive - Intact Green Services (India) PVT LTD\Desktop\CharlesAndroidHipiNeo\Android_HiPi_Neo.xml
java_class_path (initial): C:\eclipse\configuration\org.eclipse.osgi\892\0\.cp\lib\testng-remote.jar;C:\Users\Shakir\OneDrive - Intact Green Services (India) PVT LTD\Desktop\CharlesAndroidHipiNeo\target\test-classes;C:\Users\Shakir\OneDrive - Intact Green Services (India) PVT LTD\Desktop\CharlesAndroidHipiNeo\target\classes;C:\Users\Shakir\Downloads\spire.xls-13.6.5.jar;C:\Users\Shakir\.m2\repository\io\appium\java-client\7.2.0\java-client-7.2.0.jar;C:\Users\Shakir\.m2\repository\org\seleniumhq\selenium\selenium-support\3.141.59\selenium-support-3.141.59.jar;C:\Users\Shakir\.m2\repository\org\seleniumhq\selenium\selenium-api\3.141.59\selenium-api-3.141.59.jar;C:\Users\Shakir\.m2\repository\com\google\code\gson\gson\2.8.5\gson-2.8.5.jar;C:\Users\Shakir\.m2\repository\org\apache\httpcomponents\httpclient\4.5.9\httpclient-4.5.9.jar;C:\Users\Shakir\.m2\repository\cglib\cglib\3.2.12\cglib-3.2.12.jar;C:\Users\Shakir\.m2\repository\org\ow2\asm\asm\7.1\asm-7.1.jar;C:\Users\Shakir\.m2\repository\org\springframework\spring-context\5.1.8.RELEASE\spring-context-5.1.8.RELEASE.jar;C:\Users\Shakir\.m2\repository\org\springframework\spring-aop\5.1.8.RELEASE\spring-aop-5.1.8.RELEASE.jar;C:\Users\Shakir\.m2\repository\org\springframework\spring-beans\5.1.8.RELEASE\spring-beans-5.1.8.RELEASE.jar;C:\Users\Shakir\.m2\repository\org\springframework\spring-core\5.1.8.RELEASE\spring-core-5.1.8.RELEASE.jar;C:\Users\Shakir\.m2\repository\org\springframework\spring-jcl\5.1.8.RELEASE\spring-jcl-5.1.8.RELEASE.jar;C:\Users\Shakir\.m2\repository\org\springframework\spring-expression\5.1.8.RELEASE\spring-expression-5.1.8.RELEASE.jar;C:\Users\Shakir\.m2\repository\org\aspectj\aspectjweaver\1.9.4\aspectjweaver-1.9.4.jar;C:\Users\Shakir\.m2\repository\org\slf4j\slf4j-api\1.7.26\slf4j-api-1.7.26.jar;C:\Users\Shakir\.m2\repository\org\seleniumhq\selenium\selenium-java\3.141.59\selenium-java-3.141.59.jar;C:\Users\Shakir\.m2\repository\org\seleniumhq\selenium\selenium-chrome-driver\3.141.59\selenium-ch
Launcher Type: SUN_STANDARD

[Global flags]
     intx CICompilerCount                          = 4                                         {product} {ergonomic}
     uint ConcGCThreads                            = 2                                         {product} {ergonomic}
     uint G1ConcRefinementThreads                  = 8                                         {product} {ergonomic}
   size_t G1HeapRegionSize                         = 2097152                                   {product} {ergonomic}
    uintx GCDrainStackTargetSize                   = 64                                        {product} {ergonomic}
   size_t InitialHeapSize                          = 264241152                                 {product} {ergonomic}
   size_t MarkStackSize                            = 4194304                                   {product} {ergonomic}
   size_t MaxHeapSize                              = 4204789760                                {product} {ergonomic}
   size_t MaxNewSize                               = 2522873856                                {product} {ergonomic}
   size_t MinHeapDeltaBytes                        = 2097152                                   {product} {ergonomic}
   size_t MinHeapSize                              = 8388608                                   {product} {ergonomic}
    uintx NonNMethodCodeHeapSize                   = 5839372                                {pd product} {ergonomic}
    uintx NonProfiledCodeHeapSize                  = 122909434                              {pd product} {ergonomic}
    uintx ProfiledCodeHeapSize                     = 122909434                              {pd product} {ergonomic}
    uintx ReservedCodeCacheSize                    = 251658240                              {pd product} {ergonomic}
     bool SegmentedCodeCache                       = true                                      {product} {ergonomic}
     bool ShowCodeDetailsInExceptionMessages       = true                                   {manageable} {command line}
   size_t SoftMaxHeapSize                          = 4204789760                             {manageable} {ergonomic}
     bool UseCompressedClassPointers               = true                           {product lp64_product} {ergonomic}
     bool UseCompressedOops                        = true                           {product lp64_product} {ergonomic}
     bool UseG1GC                                  = true                                      {product} {ergonomic}
     bool UseLargePagesIndividualAllocation        = false                                  {pd product} {ergonomic}

Logging:
Log output configuration:
 #0: stdout all=warning uptime,level,tags
 #1: stderr all=off uptime,level,tags

Environment Variables:
JAVA_HOME=C:\Program Files\Java\jdk1.8.0_201
PATH=C:/eclipse//plugins/org.eclipse.justj.openjdk.hotspot.jre.full.win32.x86_64_17.0.3.v20220515-1416/jre/bin/server;C:/eclipse//plugins/org.eclipse.justj.openjdk.hotspot.jre.full.win32.x86_64_17.0.3.v20220515-1416/jre/bin;C:\Program Files (x86)\Common Files\Oracle\Java\javapath;C:\Windows\system32;C:\Windows;C:\Windows\System32\Wbem;C:\Windows\System32\WindowsPowerShell\v1.0\;C:\Windows\System32\OpenSSH\;C:\Program Files\apache-maven-3.8.6\bin;C:\Program Files\Git\cmd;C:\Program Files\Git\bin;C:\Program Files\Java\jre1.8.0_201\bin;C:\Program Files\Charles;C:\Android\Sdk\platform-tools;C:\Android\Sdk\build-tools;C:\Program Files\nodejs;C:\Program Files\Java\jdk1.8.0_201;C:\Program Files\Java\jdk1.8.0_201\bin;C:\Program Files\nodejs\;C:\Android\Sdk\build-tools\34.0.0;C:\Android\Sdk\platforms\android-34;C:\Users\Shakir\AppData\Roaming\npm;C:\eclipse;;C:\eclipse;
USERNAME=Shakir
OS=Windows_NT
PROCESSOR_IDENTIFIER=Intel64 Family 6 Model 140 Stepping 1, GenuineIntel



---------------  S Y S T E M  ---------------

OS:
 Windows 10 , 64 bit Build 19041 (10.0.19041.3155)
OS uptime: 1 days 1:31 hours
Hyper-V role detected

CPU: total 8 (initial active 8) (4 cores per cpu, 2 threads per core) family 6 model 140 stepping 1 microcode 0xa4, cx8, cmov, fxsr, ht, mmx, 3dnowpref, sse, sse2, sse3, ssse3, sse4.1, sse4.2, popcnt, lzcnt, tsc, tscinvbit, avx, avx2, aes, erms, clmul, bmi1, bmi2, adx, avx512f, avx512dq, avx512cd, avx512bw, avx512vl, sha, fma, vzeroupper, avx512_vpopcntdq, avx512_vpclmulqdq, avx512_vaes, avx512_vnni, clflush, clflushopt, clwb, avx512_vbmi2, avx512_vbmi, hv

Memory: 4k page, system-wide physical 16039M (824M free)
TotalPageFile size 16039M (AvailPageFile size 141M)
current process WorkingSet (physical memory assigned to process): 362M, peak: 362M
current process commit charge ("private bytes"): 456M, peak: 913M

vm_info: OpenJDK 64-Bit Server VM (17.0.3+7) for windows-amd64 JRE (17.0.3+7), built on Apr 19 2022 16:55:35 by "" with MS VC++ 16.7 (VS2019)

END.
