#
# There is insufficient memory for the Java Runtime Environment to continue.
# Native memory allocation (mmap) failed to map 293601280 bytes for G1 virtual space
# Possible reasons:
#   The system is out of physical RAM or swap space
#   The process is running with CompressedOops enabled, and the Java Heap may be blocking the growth of the native heap
# Possible solutions:
#   Reduce memory load on the system
#   Increase physical memory or swap space
#   Check if swap backing store is full
#   Decrease Java heap size (-Xmx/-Xms)
#   Decrease number of Java threads
#   Decrease Java thread stack sizes (-Xss)
#   Set larger code cache with -XX:ReservedCodeCacheSize=
#   JVM is running with Zero Based Compressed Oops mode in which the Java heap is
#     placed in the first 32GB address space. The Java Heap base address is the
#     maximum limit for the native heap growth. Please use -XX:HeapBaseMinAddress
#     to set the Java Heap base and to place the Java Heap above 32GB virtual address.
# This output file may be truncated or incomplete.
#
#  Out of Memory Error (os_windows.cpp:3535), pid=15364, tid=16564
#
# JRE version: OpenJDK Runtime Environment Temurin-17.0.3+7 (17.0.3+7) (build 17.0.3+7)
# Java VM: OpenJDK 64-Bit Server VM Temurin-17.0.3+7 (17.0.3+7, mixed mode, tiered, compressed oops, compressed class ptrs, g1 gc, windows-amd64)
# No core dump will be written. Minidumps are not enabled by default on client versions of Windows
#

---------------  S U M M A R Y ------------

Command Line: -ea -Dfile.encoding=UTF-8 -XX:+ShowCodeDetailsInExceptionMessages org.testng.remote.RemoteTestNG -serport 53505 -protocol json -d C:\Users\Shakir\OneDrive - Intact Green Services (India) PVT LTD\Desktop\CharlesAndroidHipiNeo\test-output C:\Users\Shakir\OneDrive - Intact Green Services (India) PVT LTD\Desktop\CharlesAndroidHipiNeo\Android_HiPi_Neo.xml

Host: 11th Gen Intel(R) Core(TM) i5-1135G7 @ 2.40GHz, 8 cores, 15G,  Windows 10 , 64 bit Build 19041 (10.0.19041.3155)
Time: Thu Aug 17 13:11:06 2023 India Standard Time elapsed time: 75.291041 seconds (0d 0h 1m 15s)

---------------  T H R E A D  ---------------

Current thread (0x0000024f256e5a10):  VMThread "VM Thread" [stack: 0x000000be37a00000,0x000000be37b00000] [id=16564]

Stack: [0x000000be37a00000,0x000000be37b00000]
Native frames: (J=compiled Java code, j=interpreted, Vv=VM code, C=native code)
V  [jvm.dll+0x675efa]
V  [jvm.dll+0x830a24]
V  [jvm.dll+0x8321ce]
V  [jvm.dll+0x832833]
V  [jvm.dll+0x2454b5]
V  [jvm.dll+0x672de9]
V  [jvm.dll+0x667732]
V  [jvm.dll+0x3043ab]
V  [jvm.dll+0x30b8f6]
V  [jvm.dll+0x35b62e]
V  [jvm.dll+0x35b85f]
V  [jvm.dll+0x2db248]
V  [jvm.dll+0x2d94fc]
V  [jvm.dll+0x2d8acc]
V  [jvm.dll+0x31ca2b]
V  [jvm.dll+0x836cdb]
V  [jvm.dll+0x837a14]
V  [jvm.dll+0x837f2c]
V  [jvm.dll+0x838304]
V  [jvm.dll+0x8383d0]
V  [jvm.dll+0x7e0cfa]
V  [jvm.dll+0x674d85]
C  [ucrtbase.dll+0x21bb2]
C  [KERNEL32.DLL+0x17614]
C  [ntdll.dll+0x526b1]

VM_Operation (0x000000be392f8d80): G1CollectForAllocation, mode: safepoint, requested by thread 0x0000024f2aaac820


---------------  P R O C E S S  ---------------

Threads class SMR info:
_java_thread_list=0x0000024f274430d0, length=25, elements={
0x0000024f04bfd400, 0x0000024f26048380, 0x0000024f260494d0, 0x0000024f2607c6a0,
0x0000024f2607cf60, 0x0000024f2607f830, 0x0000024f260812c0, 0x0000024f26082eb0,
0x0000024f26083860, 0x0000024f26084160, 0x0000024f2637c160, 0x0000024f26391670,
0x0000024f26bfe050, 0x0000024f2aaac820, 0x0000024f297cbf20, 0x0000024f26ffe230,
0x0000024f26ae2680, 0x0000024f278fa580, 0x0000024f278f8d70, 0x0000024f278fc260,
0x0000024f278f9be0, 0x0000024f278fb8c0, 0x0000024f278faf20, 0x0000024f264290e0,
0x0000024f26393bc0
}

Java Threads: ( => current thread )
  0x0000024f04bfd400 JavaThread "main" [_thread_blocked, id=12532, stack(0x000000be37400000,0x000000be37500000)]
  0x0000024f26048380 JavaThread "Reference Handler" daemon [_thread_blocked, id=8736, stack(0x000000be37b00000,0x000000be37c00000)]
  0x0000024f260494d0 JavaThread "Finalizer" daemon [_thread_blocked, id=9912, stack(0x000000be37c00000,0x000000be37d00000)]
  0x0000024f2607c6a0 JavaThread "Signal Dispatcher" daemon [_thread_blocked, id=15300, stack(0x000000be37d00000,0x000000be37e00000)]
  0x0000024f2607cf60 JavaThread "Attach Listener" daemon [_thread_blocked, id=10560, stack(0x000000be37e00000,0x000000be37f00000)]
  0x0000024f2607f830 JavaThread "Service Thread" daemon [_thread_blocked, id=11092, stack(0x000000be37f00000,0x000000be38000000)]
  0x0000024f260812c0 JavaThread "Monitor Deflation Thread" daemon [_thread_blocked, id=14248, stack(0x000000be38000000,0x000000be38100000)]
  0x0000024f26082eb0 JavaThread "C2 CompilerThread0" daemon [_thread_in_native, id=14724, stack(0x000000be38100000,0x000000be38200000)]
  0x0000024f26083860 JavaThread "C1 CompilerThread0" daemon [_thread_blocked, id=15000, stack(0x000000be38200000,0x000000be38300000)]
  0x0000024f26084160 JavaThread "Sweeper thread" daemon [_thread_blocked, id=14520, stack(0x000000be38300000,0x000000be38400000)]
  0x0000024f2637c160 JavaThread "Notification Thread" daemon [_thread_blocked, id=7212, stack(0x000000be38400000,0x000000be38500000)]
  0x0000024f26391670 JavaThread "Common-Cleaner" daemon [_thread_blocked, id=18144, stack(0x000000be38600000,0x000000be38700000)]
  0x0000024f26bfe050 JavaThread "ReaderThread" [_thread_in_native, id=16536, stack(0x000000be38900000,0x000000be38a00000)]
  0x0000024f2aaac820 JavaThread "TestNG" [_thread_blocked, id=12972, stack(0x000000be39200000,0x000000be39300000)]
  0x0000024f297cbf20 JavaThread "ForkJoinPool.commonPool-worker-1" daemon [_thread_blocked, id=17760, stack(0x000000be38f00000,0x000000be39000000)]
  0x0000024f26ffe230 JavaThread "ForkJoinPool.commonPool-worker-2" daemon [_thread_blocked, id=12684, stack(0x000000be39300000,0x000000be39400000)]
  0x0000024f26ae2680 JavaThread "ForkJoinPool.commonPool-worker-3" daemon [_thread_blocked, id=6712, stack(0x000000be39400000,0x000000be39500000)]
  0x0000024f278fa580 JavaThread "ForkJoinPool.commonPool-worker-4" daemon [_thread_blocked, id=12752, stack(0x000000be39500000,0x000000be39600000)]
  0x0000024f278f8d70 JavaThread "OkHttp ConnectionPool" daemon [_thread_blocked, id=14740, stack(0x000000be39600000,0x000000be39700000)]
  0x0000024f278fc260 JavaThread "Okio Watchdog" daemon [_thread_blocked, id=12872, stack(0x000000be39700000,0x000000be39800000)]
  0x0000024f278f9be0 JavaThread "OkHttp ConnectionPool" daemon [_thread_blocked, id=10440, stack(0x000000be39900000,0x000000be39a00000)]
  0x0000024f278fb8c0 JavaThread "Java2D Disposer" daemon [_thread_blocked, id=17852, stack(0x000000be37200000,0x000000be37300000)]
  0x0000024f278faf20 JavaThread "AWT-Windows" daemon [_thread_in_native, id=3848, stack(0x000000be39b00000,0x000000be39c00000)]
  0x0000024f264290e0 JavaThread "C2 CompilerThread1" daemon [_thread_blocked, id=5696, stack(0x000000be37300000,0x000000be37400000)]
  0x0000024f26393bc0 JavaThread "C2 CompilerThread2" daemon [_thread_blocked, id=16256, stack(0x000000be39c00000,0x000000be39d00000)]

Other Threads:
=>0x0000024f256e5a10 VMThread "VM Thread" [stack: 0x000000be37a00000,0x000000be37b00000] [id=16564]
  0x0000024f06e0e2a0 WatcherThread [stack: 0x000000be38500000,0x000000be38600000] [id=9584]
  0x0000024f06df3100 GCTaskThread "GC Thread#0" [stack: 0x000000be37500000,0x000000be37600000] [id=12628]
  0x0000024f27216a20 GCTaskThread "GC Thread#1" [stack: 0x000000be38a00000,0x000000be38b00000] [id=16400]
  0x0000024f27013e00 GCTaskThread "GC Thread#2" [stack: 0x000000be38b00000,0x000000be38c00000] [id=15448]
  0x0000024f270140b0 GCTaskThread "GC Thread#3" [stack: 0x000000be38c00000,0x000000be38d00000] [id=6932]
  0x0000024f2706ef00 GCTaskThread "GC Thread#4" [stack: 0x000000be38d00000,0x000000be38e00000] [id=5000]
  0x0000024f2706f1b0 GCTaskThread "GC Thread#5" [stack: 0x000000be38e00000,0x000000be38f00000] [id=19296]
  0x0000024f28936dd0 GCTaskThread "GC Thread#6" [stack: 0x000000be39000000,0x000000be39100000] [id=2456]
  0x0000024f27b84380 GCTaskThread "GC Thread#7" [stack: 0x000000be39100000,0x000000be39200000] [id=18556]
  0x0000024f06e05280 ConcurrentGCThread "G1 Main Marker" [stack: 0x000000be37600000,0x000000be37700000] [id=15104]
  0x0000024f06e05c90 ConcurrentGCThread "G1 Conc#0" [stack: 0x000000be37700000,0x000000be37800000] [id=13916]
  0x0000024f29062d20 ConcurrentGCThread "G1 Conc#1" [stack: 0x000000be38700000,0x000000be38800000] [id=11104]
  0x0000024f2557f140 ConcurrentGCThread "G1 Refine#0" [stack: 0x000000be37800000,0x000000be37900000] [id=12004]
  0x0000024f2557fb60 ConcurrentGCThread "G1 Service" [stack: 0x000000be37900000,0x000000be37a00000] [id=2036]

Threads with active compile tasks:
C2 CompilerThread0    75307 6031   !   4       jdk.internal.loader.BuiltinClassLoader::findClassOnClassPathOrNull (64 bytes)

VM state: at safepoint (normal execution)

VM Mutex/Monitor currently owned by a thread:  ([mutex/lock_event])
[0x0000024f06d85690] Threads_lock - owner thread: 0x0000024f256e5a10
[0x0000024f06d85b10] Heap_lock - owner thread: 0x0000024f2aaac820

Heap address: 0x0000000705600000, size: 4010 MB, Compressed Oops mode: Zero based, Oop shift amount: 3

CDS archive(s) not mapped
Compressed class space mapped at: 0x0000000800000000-0x0000000840000000, reserved size: 1073741824
Narrow klass base: 0x0000000800000000, Narrow klass shift: 0, Narrow klass range: 0x40000000

GC Precious Log:
 CPUs: 8 total, 8 available
 Memory: 16039M
 Large Page Support: Disabled
 NUMA Support: Disabled
 Compressed Oops: Enabled (Zero based)
 Heap Region Size: 2M
 Heap Min Capacity: 8M
 Heap Initial Capacity: 252M
 Heap Max Capacity: 4010M
 Pre-touch: Disabled
 Parallel Workers: 8
 Concurrent Workers: 2
 Concurrent Refinement Workers: 8
 Periodic GC: Disabled

Heap:
 garbage-first heap   total 264192K, used 152389K [0x0000000705600000, 0x0000000800000000)
  region size 2048K, 1 young (2048K), 1 survivors (2048K)
 Metaspace       used 62379K, committed 62720K, reserved 1105920K
  class space    used 6695K, committed 6848K, reserved 1048576K

Heap Regions: E=young(eden), S=young(survivor), O=old, HS=humongous(starts), HC=humongous(continues), CS=collection set, F=free, OA=open archive, CA=closed archive, TAMS=top-at-mark-start (previous, next)
|   0|0x0000000705600000, 0x0000000705800000, 0x0000000705800000|100%|HS|  |TAMS 0x0000000705800000, 0x0000000705600000| Complete 
|   1|0x0000000705800000, 0x0000000705a00000, 0x0000000705a00000|100%|HS|  |TAMS 0x0000000705a00000, 0x0000000705800000| Complete 
|   2|0x0000000705a00000, 0x0000000705c00000, 0x0000000705c00000|100%|HC|  |TAMS 0x0000000705c00000, 0x0000000705a00000| Complete 
|   3|0x0000000705c00000, 0x0000000705e00000, 0x0000000705e00000|100%| O|  |TAMS 0x0000000705e00000, 0x0000000705c00000| Untracked 
|   4|0x0000000705e00000, 0x0000000706000000, 0x0000000706000000|100%| O|  |TAMS 0x0000000706000000, 0x0000000705e00000| Untracked 
|   5|0x0000000706000000, 0x0000000706200000, 0x0000000706200000|100%| O|  |TAMS 0x0000000706200000, 0x0000000706000000| Untracked 
|   6|0x0000000706200000, 0x0000000706400000, 0x0000000706400000|100%| O|  |TAMS 0x0000000706400000, 0x0000000706200000| Untracked 
|   7|0x0000000706400000, 0x0000000706600000, 0x0000000706600000|100%| O|  |TAMS 0x0000000706600000, 0x0000000706400000| Untracked 
|   8|0x0000000706600000, 0x0000000706800000, 0x0000000706800000|100%| O|  |TAMS 0x0000000706800000, 0x0000000706600000| Untracked 
|   9|0x0000000706800000, 0x0000000706a00000, 0x0000000706a00000|100%| O|  |TAMS 0x0000000706a00000, 0x0000000706800000| Untracked 
|  10|0x0000000706a00000, 0x0000000706c00000, 0x0000000706c00000|100%| O|  |TAMS 0x0000000706c00000, 0x0000000706a00000| Untracked 
|  11|0x0000000706c00000, 0x0000000706e00000, 0x0000000706e00000|100%| O|  |TAMS 0x0000000706e00000, 0x0000000706c00000| Untracked 
|  12|0x0000000706e00000, 0x0000000707000000, 0x0000000707000000|100%| O|  |TAMS 0x0000000707000000, 0x0000000706e00000| Untracked 
|  13|0x0000000707000000, 0x0000000707200000, 0x0000000707200000|100%| O|  |TAMS 0x0000000707200000, 0x0000000707000000| Untracked 
|  14|0x0000000707200000, 0x0000000707400000, 0x0000000707400000|100%| O|  |TAMS 0x0000000707400000, 0x0000000707200000| Untracked 
|  15|0x0000000707400000, 0x0000000707600000, 0x0000000707600000|100%| O|  |TAMS 0x0000000707600000, 0x0000000707400000| Untracked 
|  16|0x0000000707600000, 0x0000000707800000, 0x0000000707800000|100%| O|  |TAMS 0x0000000707800000, 0x0000000707600000| Untracked 
|  17|0x0000000707800000, 0x0000000707a00000, 0x0000000707a00000|100%| O|  |TAMS 0x0000000707800000, 0x0000000707800000| Untracked 
|  18|0x0000000707a00000, 0x0000000707c00000, 0x0000000707c00000|100%| O|  |TAMS 0x0000000707c00000, 0x0000000707a00000| Untracked 
|  19|0x0000000707c00000, 0x0000000707e00000, 0x0000000707e00000|100%| O|  |TAMS 0x0000000707e00000, 0x0000000707c00000| Untracked 
|  20|0x0000000707e00000, 0x0000000708000000, 0x0000000708000000|100%| O|  |TAMS 0x0000000708000000, 0x0000000707e00000| Untracked 
|  21|0x0000000708000000, 0x0000000708200000, 0x0000000708200000|100%| O|  |TAMS 0x0000000708200000, 0x0000000708000000| Untracked 
|  22|0x0000000708200000, 0x0000000708400000, 0x0000000708400000|100%| O|  |TAMS 0x0000000708400000, 0x0000000708200000| Untracked 
|  23|0x0000000708400000, 0x0000000708600000, 0x0000000708600000|100%| O|  |TAMS 0x0000000708600000, 0x0000000708400000| Untracked 
|  24|0x0000000708600000, 0x0000000708800000, 0x0000000708800000|100%| O|  |TAMS 0x0000000708800000, 0x0000000708600000| Untracked 
|  25|0x0000000708800000, 0x0000000708a00000, 0x0000000708a00000|100%| O|  |TAMS 0x0000000708a00000, 0x0000000708800000| Untracked 
|  26|0x0000000708a00000, 0x0000000708c00000, 0x0000000708c00000|100%| O|  |TAMS 0x0000000708c00000, 0x0000000708a00000| Untracked 
|  27|0x0000000708c00000, 0x0000000708e00000, 0x0000000708e00000|100%| O|  |TAMS 0x0000000708e00000, 0x0000000708c00000| Untracked 
|  28|0x0000000708e00000, 0x0000000709000000, 0x0000000709000000|100%| O|  |TAMS 0x0000000709000000, 0x0000000708e00000| Untracked 
|  29|0x0000000709000000, 0x0000000709200000, 0x0000000709200000|100%| O|  |TAMS 0x0000000709200000, 0x0000000709000000| Untracked 
|  30|0x0000000709200000, 0x0000000709400000, 0x0000000709400000|100%| O|  |TAMS 0x0000000709400000, 0x0000000709200000| Untracked 
|  31|0x0000000709400000, 0x0000000709600000, 0x0000000709600000|100%| O|  |TAMS 0x0000000709600000, 0x0000000709400000| Untracked 
|  32|0x0000000709600000, 0x0000000709800000, 0x0000000709800000|100%| O|  |TAMS 0x0000000709800000, 0x0000000709600000| Untracked 
|  33|0x0000000709800000, 0x0000000709a00000, 0x0000000709a00000|100%| O|  |TAMS 0x0000000709a00000, 0x0000000709800000| Untracked 
|  34|0x0000000709a00000, 0x0000000709c00000, 0x0000000709c00000|100%| O|  |TAMS 0x0000000709c00000, 0x0000000709a00000| Untracked 
|  35|0x0000000709c00000, 0x0000000709e00000, 0x0000000709e00000|100%| O|  |TAMS 0x0000000709e00000, 0x0000000709c00000| Untracked 
|  36|0x0000000709e00000, 0x000000070a000000, 0x000000070a000000|100%| O|  |TAMS 0x000000070a000000, 0x0000000709e00000| Untracked 
|  37|0x000000070a000000, 0x000000070a200000, 0x000000070a200000|100%| O|  |TAMS 0x000000070a200000, 0x000000070a000000| Untracked 
|  38|0x000000070a200000, 0x000000070a400000, 0x000000070a400000|100%|HS|  |TAMS 0x000000070a400000, 0x000000070a200000| Complete 
|  39|0x000000070a400000, 0x000000070a600000, 0x000000070a600000|100%|HC|  |TAMS 0x000000070a600000, 0x000000070a400000| Complete 
|  40|0x000000070a600000, 0x000000070a800000, 0x000000070a800000|100%| O|  |TAMS 0x000000070a800000, 0x000000070a600000| Untracked 
|  41|0x000000070a800000, 0x000000070aa00000, 0x000000070aa00000|100%| O|  |TAMS 0x000000070aa00000, 0x000000070a800000| Untracked 
|  42|0x000000070aa00000, 0x000000070ac00000, 0x000000070ac00000|100%| O|  |TAMS 0x000000070ac00000, 0x000000070aa00000| Untracked 
|  43|0x000000070ac00000, 0x000000070ae00000, 0x000000070ae00000|100%| O|  |TAMS 0x000000070ae00000, 0x000000070ac00000| Untracked 
|  44|0x000000070ae00000, 0x000000070b000000, 0x000000070b000000|100%| O|  |TAMS 0x000000070b000000, 0x000000070ae00000| Untracked 
|  45|0x000000070b000000, 0x000000070b200000, 0x000000070b200000|100%| O|  |TAMS 0x000000070b200000, 0x000000070b000000| Untracked 
|  46|0x000000070b200000, 0x000000070b400000, 0x000000070b400000|100%| O|  |TAMS 0x000000070b400000, 0x000000070b200000| Untracked 
|  47|0x000000070b400000, 0x000000070b600000, 0x000000070b600000|100%| O|  |TAMS 0x000000070b600000, 0x000000070b400000| Untracked 
|  48|0x000000070b600000, 0x000000070b800000, 0x000000070b800000|100%| O|  |TAMS 0x000000070b800000, 0x000000070b600000| Untracked 
|  49|0x000000070b800000, 0x000000070ba00000, 0x000000070ba00000|100%| O|  |TAMS 0x000000070ba00000, 0x000000070b800000| Untracked 
|  50|0x000000070ba00000, 0x000000070bc00000, 0x000000070bc00000|100%| O|  |TAMS 0x000000070bc00000, 0x000000070ba00000| Untracked 
|  51|0x000000070bc00000, 0x000000070be00000, 0x000000070be00000|100%| O|  |TAMS 0x000000070be00000, 0x000000070bc00000| Untracked 
|  52|0x000000070be00000, 0x000000070c000000, 0x000000070c000000|100%| O|  |TAMS 0x000000070c000000, 0x000000070be00000| Untracked 
|  53|0x000000070c000000, 0x000000070c200000, 0x000000070c200000|100%| O|  |TAMS 0x000000070c200000, 0x000000070c000000| Untracked 
|  54|0x000000070c200000, 0x000000070c400000, 0x000000070c400000|100%| O|  |TAMS 0x000000070c400000, 0x000000070c200000| Untracked 
|  55|0x000000070c400000, 0x000000070c600000, 0x000000070c600000|100%| O|  |TAMS 0x000000070c600000, 0x000000070c400000| Untracked 
|  56|0x000000070c600000, 0x000000070c800000, 0x000000070c800000|100%| O|  |TAMS 0x000000070c800000, 0x000000070c600000| Untracked 
|  57|0x000000070c800000, 0x000000070ca00000, 0x000000070ca00000|100%| O|  |TAMS 0x000000070ca00000, 0x000000070c800000| Untracked 
|  58|0x000000070ca00000, 0x000000070cc00000, 0x000000070cc00000|100%| O|  |TAMS 0x000000070cc00000, 0x000000070ca00000| Untracked 
|  59|0x000000070cc00000, 0x000000070ce00000, 0x000000070ce00000|100%| O|  |TAMS 0x000000070ce00000, 0x000000070cc00000| Untracked 
|  60|0x000000070ce00000, 0x000000070ce00000, 0x000000070d000000|  0%| F|  |TAMS 0x000000070ce00000, 0x000000070ce00000| Untracked 
|  61|0x000000070d000000, 0x000000070d200000, 0x000000070d200000|100%| O|  |TAMS 0x000000070d000000, 0x000000070d000000| Untracked 
|  62|0x000000070d200000, 0x000000070d400000, 0x000000070d400000|100%| O|  |TAMS 0x000000070d200000, 0x000000070d200000| Untracked 
|  63|0x000000070d400000, 0x000000070d600000, 0x000000070d600000|100%| O|  |TAMS 0x000000070d400000, 0x000000070d400000| Untracked 
|  64|0x000000070d600000, 0x000000070d800000, 0x000000070d800000|100%| O|  |TAMS 0x000000070d600000, 0x000000070d600000| Untracked 
|  65|0x000000070d800000, 0x000000070da00000, 0x000000070da00000|100%| O|  |TAMS 0x000000070d800000, 0x000000070d800000| Untracked 
|  66|0x000000070da00000, 0x000000070dc00000, 0x000000070dc00000|100%| O|  |TAMS 0x000000070da00000, 0x000000070da00000| Untracked 
|  67|0x000000070dc00000, 0x000000070de00000, 0x000000070de00000|100%| O|  |TAMS 0x000000070dc00000, 0x000000070dc00000| Untracked 
|  68|0x000000070de00000, 0x000000070e000000, 0x000000070e000000|100%| O|  |TAMS 0x000000070de00000, 0x000000070de00000| Untracked 
|  69|0x000000070e000000, 0x000000070e200000, 0x000000070e200000|100%| O|  |TAMS 0x000000070e000000, 0x000000070e000000| Untracked 
|  70|0x000000070e200000, 0x000000070e400000, 0x000000070e400000|100%| O|  |TAMS 0x000000070e200000, 0x000000070e200000| Untracked 
|  71|0x000000070e400000, 0x000000070e600000, 0x000000070e600000|100%| O|  |TAMS 0x000000070e400000, 0x000000070e400000| Untracked 
|  72|0x000000070e600000, 0x000000070e800000, 0x000000070e800000|100%| O|  |TAMS 0x000000070e600000, 0x000000070e600000| Untracked 
|  73|0x000000070e800000, 0x000000070ea00000, 0x000000070ea00000|100%| O|  |TAMS 0x000000070e800000, 0x000000070e800000| Untracked 
|  74|0x000000070ea00000, 0x000000070eb98e00, 0x000000070ec00000| 79%| O|  |TAMS 0x000000070ea00000, 0x000000070ea00000| Untracked 
|  75|0x000000070ec00000, 0x000000070ec00000, 0x000000070ee00000|  0%| F|  |TAMS 0x000000070ec00000, 0x000000070ec00000| Untracked 
|  76|0x000000070ee00000, 0x000000070ee00000, 0x000000070f000000|  0%| F|  |TAMS 0x000000070ee00000, 0x000000070ee00000| Untracked 
|  77|0x000000070f000000, 0x000000070f000000, 0x000000070f200000|  0%| F|  |TAMS 0x000000070f000000, 0x000000070f000000| Untracked 
|  78|0x000000070f200000, 0x000000070f200000, 0x000000070f400000|  0%| F|  |TAMS 0x000000070f200000, 0x000000070f200000| Untracked 
|  79|0x000000070f400000, 0x000000070f400000, 0x000000070f600000|  0%| F|  |TAMS 0x000000070f400000, 0x000000070f400000| Untracked 
|  80|0x000000070f600000, 0x000000070f600000, 0x000000070f800000|  0%| F|  |TAMS 0x000000070f600000, 0x000000070f600000| Untracked 
|  81|0x000000070f800000, 0x000000070f800000, 0x000000070fa00000|  0%| F|  |TAMS 0x000000070f800000, 0x000000070f800000| Untracked 
|  82|0x000000070fa00000, 0x000000070fa00000, 0x000000070fc00000|  0%| F|  |TAMS 0x000000070fa00000, 0x000000070fa00000| Untracked 
|  83|0x000000070fc00000, 0x000000070fc00000, 0x000000070fe00000|  0%| F|  |TAMS 0x000000070fc00000, 0x000000070fc00000| Untracked 
|  84|0x000000070fe00000, 0x000000070fe00000, 0x0000000710000000|  0%| F|  |TAMS 0x000000070fe00000, 0x000000070fe00000| Untracked 
|  85|0x0000000710000000, 0x0000000710000000, 0x0000000710200000|  0%| F|  |TAMS 0x0000000710000000, 0x0000000710000000| Untracked 
|  86|0x0000000710200000, 0x0000000710200000, 0x0000000710400000|  0%| F|  |TAMS 0x0000000710200000, 0x0000000710200000| Untracked 
|  87|0x0000000710400000, 0x0000000710400000, 0x0000000710600000|  0%| F|  |TAMS 0x0000000710400000, 0x0000000710400000| Untracked 
|  88|0x0000000710600000, 0x0000000710600000, 0x0000000710800000|  0%| F|  |TAMS 0x0000000710600000, 0x0000000710600000| Untracked 
|  89|0x0000000710800000, 0x0000000710800000, 0x0000000710a00000|  0%| F|  |TAMS 0x0000000710800000, 0x0000000710800000| Untracked 
|  90|0x0000000710a00000, 0x0000000710a00000, 0x0000000710c00000|  0%| F|  |TAMS 0x0000000710a00000, 0x0000000710a00000| Untracked 
|  91|0x0000000710c00000, 0x0000000710c00000, 0x0000000710e00000|  0%| F|  |TAMS 0x0000000710c00000, 0x0000000710c00000| Untracked 
|  92|0x0000000710e00000, 0x0000000710e00000, 0x0000000711000000|  0%| F|  |TAMS 0x0000000710e00000, 0x0000000710e00000| Untracked 
|  93|0x0000000711000000, 0x0000000711000000, 0x0000000711200000|  0%| F|  |TAMS 0x0000000711000000, 0x0000000711000000| Untracked 
|  94|0x0000000711200000, 0x0000000711200000, 0x0000000711400000|  0%| F|  |TAMS 0x0000000711200000, 0x0000000711200000| Untracked 
|  95|0x0000000711400000, 0x0000000711400000, 0x0000000711600000|  0%| F|  |TAMS 0x0000000711400000, 0x0000000711400000| Untracked 
|  96|0x0000000711600000, 0x0000000711600000, 0x0000000711800000|  0%| F|  |TAMS 0x0000000711600000, 0x0000000711600000| Untracked 
|  97|0x0000000711800000, 0x0000000711800000, 0x0000000711a00000|  0%| F|  |TAMS 0x0000000711800000, 0x0000000711800000| Untracked 
|  98|0x0000000711a00000, 0x0000000711a00000, 0x0000000711c00000|  0%| F|  |TAMS 0x0000000711a00000, 0x0000000711a00000| Untracked 
|  99|0x0000000711c00000, 0x0000000711c00000, 0x0000000711e00000|  0%| F|  |TAMS 0x0000000711c00000, 0x0000000711c00000| Untracked 
| 100|0x0000000711e00000, 0x0000000711e00000, 0x0000000712000000|  0%| F|  |TAMS 0x0000000711e00000, 0x0000000711e00000| Untracked 
| 101|0x0000000712000000, 0x0000000712000000, 0x0000000712200000|  0%| F|  |TAMS 0x0000000712000000, 0x0000000712000000| Untracked 
| 102|0x0000000712200000, 0x0000000712200000, 0x0000000712400000|  0%| F|  |TAMS 0x0000000712200000, 0x0000000712200000| Untracked 
| 103|0x0000000712400000, 0x0000000712400000, 0x0000000712600000|  0%| F|  |TAMS 0x0000000712400000, 0x0000000712400000| Untracked 
| 104|0x0000000712600000, 0x0000000712600000, 0x0000000712800000|  0%| F|  |TAMS 0x0000000712600000, 0x0000000712600000| Untracked 
| 105|0x0000000712800000, 0x0000000712800000, 0x0000000712a00000|  0%| F|  |TAMS 0x0000000712800000, 0x0000000712800000| Untracked 
| 106|0x0000000712a00000, 0x0000000712a00000, 0x0000000712c00000|  0%| F|  |TAMS 0x0000000712a00000, 0x0000000712a00000| Untracked 
| 107|0x0000000712c00000, 0x0000000712c00000, 0x0000000712e00000|  0%| F|  |TAMS 0x0000000712c00000, 0x0000000712c00000| Untracked 
| 108|0x0000000712e00000, 0x0000000712e00000, 0x0000000713000000|  0%| F|  |TAMS 0x0000000712e00000, 0x0000000712e00000| Untracked 
| 109|0x0000000713000000, 0x0000000713000000, 0x0000000713200000|  0%| F|  |TAMS 0x0000000713000000, 0x0000000713000000| Untracked 
| 110|0x0000000713200000, 0x0000000713200000, 0x0000000713400000|  0%| F|  |TAMS 0x0000000713200000, 0x0000000713200000| Untracked 
| 111|0x0000000713400000, 0x0000000713400000, 0x0000000713600000|  0%| F|  |TAMS 0x0000000713400000, 0x0000000713400000| Untracked 
| 112|0x0000000713600000, 0x0000000713600000, 0x0000000713800000|  0%| F|  |TAMS 0x0000000713600000, 0x0000000713600000| Untracked 
| 113|0x0000000713800000, 0x0000000713800000, 0x0000000713a00000|  0%| F|  |TAMS 0x0000000713800000, 0x0000000713800000| Untracked 
| 114|0x0000000713a00000, 0x0000000713a00000, 0x0000000713c00000|  0%| F|  |TAMS 0x0000000713a00000, 0x0000000713a00000| Untracked 
| 115|0x0000000713c00000, 0x0000000713c00000, 0x0000000713e00000|  0%| F|  |TAMS 0x0000000713c00000, 0x0000000713c00000| Untracked 
| 116|0x0000000713e00000, 0x0000000713e00000, 0x0000000714000000|  0%| F|  |TAMS 0x0000000713e00000, 0x0000000713e00000| Untracked 
| 117|0x0000000714000000, 0x0000000714000000, 0x0000000714200000|  0%| F|  |TAMS 0x0000000714000000, 0x0000000714000000| Untracked 
| 118|0x0000000714200000, 0x0000000714200000, 0x0000000714400000|  0%| F|  |TAMS 0x0000000714200000, 0x0000000714200000| Untracked 
| 119|0x0000000714400000, 0x0000000714400000, 0x0000000714600000|  0%| F|  |TAMS 0x0000000714400000, 0x0000000714400000| Untracked 
| 120|0x0000000714600000, 0x0000000714600000, 0x0000000714800000|  0%| F|  |TAMS 0x0000000714600000, 0x0000000714600000| Untracked 
| 121|0x0000000714800000, 0x0000000714800000, 0x0000000714a00000|  0%| F|  |TAMS 0x0000000714800000, 0x0000000714800000| Untracked 
| 122|0x0000000714a00000, 0x0000000714a00000, 0x0000000714c00000|  0%| F|  |TAMS 0x0000000714a00000, 0x0000000714a00000| Untracked 
| 123|0x0000000714c00000, 0x0000000714c00000, 0x0000000714e00000|  0%| F|  |TAMS 0x0000000714c00000, 0x0000000714c00000| Untracked 
| 124|0x0000000714e00000, 0x0000000714f389e0, 0x0000000715000000| 61%| S|CS|TAMS 0x0000000714e00000, 0x0000000714e00000| Complete 
| 125|0x0000000715000000, 0x0000000715000000, 0x0000000715200000|  0%| F|  |TAMS 0x0000000715000000, 0x0000000715000000| Untracked 
| 126|0x0000000715200000, 0x0000000715200000, 0x0000000715400000|  0%| F|  |TAMS 0x0000000715200000, 0x0000000715200000| Untracked 
| 127|0x0000000715400000, 0x0000000715400000, 0x0000000715600000|  0%| F|  |TAMS 0x0000000715400000, 0x0000000715400000| Untracked 
| 128|0x0000000715600000, 0x0000000715600000, 0x0000000715800000|  0%| F|  |TAMS 0x0000000715600000, 0x0000000715600000| Untracked 

Card table byte_map: [0x0000024f19f40000,0x0000024f1a720000] _byte_map_base: 0x0000024f16715000

Marking Bits (Prev, Next): (CMBitMap*) 0x0000024f06df4760, (CMBitMap*) 0x0000024f06df4720
 Prev Bits: [0x0000024f1edb0000, 0x0000024f22c58000)
 Next Bits: [0x0000024f1af00000, 0x0000024f1eda8000)

Polling page: 0x0000024f06550000

Metaspace:

Usage:
  Non-class:     54.38 MB used.
      Class:      6.54 MB used.
       Both:     60.92 MB used.

Virtual space:
  Non-class space:       56.00 MB reserved,      54.56 MB ( 97%) committed,  7 nodes.
      Class space:        1.00 GB reserved,       6.69 MB ( <1%) committed,  1 nodes.
             Both:        1.05 GB reserved,      61.25 MB (  6%) committed. 

Chunk freelists:
   Non-Class:  608.00 KB
       Class:  1.31 MB
        Both:  1.91 MB

MaxMetaspaceSize: unlimited
CompressedClassSpaceSize: 1.00 GB
Initial GC threshold: 21.00 MB
Current GC threshold: 92.19 MB
CDS: off
MetaspaceReclaimPolicy: balanced
 - commit_granule_bytes: 65536.
 - commit_granule_words: 8192.
 - virtual_space_node_default_size: 1048576.
 - enlarge_chunks_in_place: 1.
 - new_chunks_are_fully_committed: 0.
 - uncommit_free_chunks: 1.
 - use_allocation_guard: 0.
 - handle_deallocations: 1.


Internal statistics:

num_allocs_failed_limit: 6.
num_arena_births: 326.
num_arena_deaths: 0.
num_vsnodes_births: 8.
num_vsnodes_deaths: 0.
num_space_committed: 975.
num_space_uncommitted: 0.
num_chunks_returned_to_freelist: 6.
num_chunks_taken_from_freelist: 1808.
num_chunk_merges: 3.
num_chunk_splits: 1340.
num_chunks_enlarged: 1098.
num_purges: 0.
num_inconsistent_stats: 0.

CodeHeap 'non-profiled nmethods': size=120000Kb used=3141Kb max_used=3275Kb free=116858Kb
 bounds [0x0000024f11f00000, 0x0000024f12240000, 0x0000024f19430000]
CodeHeap 'profiled nmethods': size=120000Kb used=10923Kb max_used=12547Kb free=109076Kb
 bounds [0x0000024f0a9d0000, 0x0000024f0b620000, 0x0000024f11f00000]
CodeHeap 'non-nmethods': size=5760Kb used=1439Kb max_used=1467Kb free=4320Kb
 bounds [0x0000024f0a430000, 0x0000024f0a6a0000, 0x0000024f0a9d0000]
 total_blobs=5994 nmethods=5210 adapters=695
 compilation: enabled
              stopped_count=0, restarted_count=0
 full_count=0

Compilation events (20 events):
Event: 75.258 Thread 0x0000024f26083860 6100       3       com.spire.xls.packages.sprkqj::spr\u257a\u2020 (87 bytes)
Event: 75.259 Thread 0x0000024f26083860 nmethod 6100 0x0000024f0aa9af90 code [0x0000024f0aa9b220, 0x0000024f0aa9c008]
Event: 75.259 Thread 0x0000024f26083860 6102       3       com.spire.xls.packages.sprldca::spr\u21a1\u2529\ufeff\u2014 (20 bytes)
Event: 75.260 Thread 0x0000024f26083860 nmethod 6102 0x0000024f0afca510 code [0x0000024f0afca6e0, 0x0000024f0afca9e8]
Event: 75.260 Thread 0x0000024f26083860 6103       3       java.lang.Character::getType (5 bytes)
Event: 75.260 Thread 0x0000024f26083860 nmethod 6103 0x0000024f0ae17510 code [0x0000024f0ae176c0, 0x0000024f0ae17918]
Event: 75.260 Thread 0x0000024f26083860 6104       3       com.spire.xls.packages.sprldca::spr\u2511\u2521\ufeff\u2014 (293 bytes)
Event: 75.260 Thread 0x0000024f26393bc0 nmethod 6034 0x0000024f11fe5d10 code [0x0000024f11fe5ea0, 0x0000024f11fe60c8]
Event: 75.260 Thread 0x0000024f26393bc0 6101       4       com.spire.ms.System.Collections.Hashtable$Bucket::<init> (5 bytes)
Event: 75.260 Thread 0x0000024f26083860 nmethod 6104 0x0000024f0aecba90 code [0x0000024f0aecbd00, 0x0000024f0aecc6d8]
Event: 75.260 Thread 0x0000024f26083860 6106       3       com.spire.ms.System.Collections.SortedList$Slot::<init> (5 bytes)
Event: 75.260 Thread 0x0000024f26083860 nmethod 6106 0x0000024f0af11d90 code [0x0000024f0af11f40, 0x0000024f0af12178]
Event: 75.260 Thread 0x0000024f26083860 6105       3       com.spire.xls.packages.sprldca::spr\u00b6\u2532 (14 bytes)
Event: 75.261 Thread 0x0000024f26393bc0 nmethod 6101 0x0000024f11fe5a10 code [0x0000024f11fe5b80, 0x0000024f11fe5bf8]
Event: 75.261 Thread 0x0000024f26393bc0 6064       4       jdk.internal.icu.util.CodePointTrie$Fast::cpIndex (38 bytes)
Event: 75.261 Thread 0x0000024f26083860 nmethod 6105 0x0000024f0afd7890 code [0x0000024f0afd7a80, 0x0000024f0afd7e68]
Event: 75.261 Thread 0x0000024f26393bc0 nmethod 6064 0x0000024f11fe5690 code [0x0000024f11fe5800, 0x0000024f11fe58d8]
Event: 75.268 Thread 0x0000024f264290e0 nmethod 6085 0x0000024f11fe4210 code [0x0000024f11fe43e0, 0x0000024f11fe50f8]
Event: 75.282 Thread 0x0000024f264290e0 6107 %     4       com.spire.xls.packages.sprmjh::spr\u257f\u251f @ 829 (976 bytes)
Event: 75.282 Thread 0x0000024f264290e0 


GC Heap History (20 events):
Event: 74.288 GC heap after
{Heap after GC invocations=16 (full 0):
 garbage-first heap   total 92160K, used 42471K [0x0000000705600000, 0x0000000800000000)
  region size 2048K, 2 young (4096K), 2 survivors (4096K)
 Metaspace       used 55542K, committed 55808K, reserved 1105920K
  class space    used 5830K, committed 5952K, reserved 1048576K
}
Event: 74.370 GC heap before
{Heap before GC invocations=17 (full 0):
 garbage-first heap   total 92160K, used 62951K [0x0000000705600000, 0x0000000800000000)
  region size 2048K, 12 young (24576K), 2 survivors (4096K)
 Metaspace       used 55542K, committed 55808K, reserved 1105920K
  class space    used 5830K, committed 5952K, reserved 1048576K
}
Event: 74.374 GC heap after
{Heap after GC invocations=18 (full 0):
 garbage-first heap   total 92160K, used 50598K [0x0000000705600000, 0x0000000800000000)
  region size 2048K, 2 young (4096K), 2 survivors (4096K)
 Metaspace       used 55542K, committed 55808K, reserved 1105920K
  class space    used 5830K, committed 5952K, reserved 1048576K
}
Event: 74.418 GC heap before
{Heap before GC invocations=18 (full 0):
 garbage-first heap   total 92160K, used 64934K [0x0000000705600000, 0x0000000800000000)
  region size 2048K, 9 young (18432K), 2 survivors (4096K)
 Metaspace       used 55542K, committed 55808K, reserved 1105920K
  class space    used 5830K, committed 5952K, reserved 1048576K
}
Event: 74.423 GC heap after
{Heap after GC invocations=19 (full 0):
 garbage-first heap   total 92160K, used 59137K [0x0000000705600000, 0x0000000800000000)
  region size 2048K, 2 young (4096K), 2 survivors (4096K)
 Metaspace       used 55542K, committed 55808K, reserved 1105920K
  class space    used 5830K, committed 5952K, reserved 1048576K
}
Event: 74.448 GC heap before
{Heap before GC invocations=19 (full 0):
 garbage-first heap   total 92160K, used 69377K [0x0000000705600000, 0x0000000800000000)
  region size 2048K, 7 young (14336K), 2 survivors (4096K)
 Metaspace       used 55542K, committed 55808K, reserved 1105920K
  class space    used 5830K, committed 5952K, reserved 1048576K
}
Event: 74.452 GC heap after
{Heap after GC invocations=20 (full 0):
 garbage-first heap   total 92160K, used 65340K [0x0000000705600000, 0x0000000800000000)
  region size 2048K, 1 young (2048K), 1 survivors (2048K)
 Metaspace       used 55542K, committed 55808K, reserved 1105920K
  class space    used 5830K, committed 5952K, reserved 1048576K
}
Event: 74.470 GC heap before
{Heap before GC invocations=20 (full 0):
 garbage-first heap   total 116736K, used 71484K [0x0000000705600000, 0x0000000800000000)
  region size 2048K, 4 young (8192K), 1 survivors (2048K)
 Metaspace       used 55542K, committed 55808K, reserved 1105920K
  class space    used 5830K, committed 5952K, reserved 1048576K
}
Event: 74.473 GC heap after
{Heap after GC invocations=21 (full 0):
 garbage-first heap   total 116736K, used 69632K [0x0000000705600000, 0x0000000800000000)
  region size 2048K, 1 young (2048K), 1 survivors (2048K)
 Metaspace       used 55542K, committed 55808K, reserved 1105920K
  class space    used 5830K, committed 5952K, reserved 1048576K
}
Event: 74.512 GC heap before
{Heap before GC invocations=22 (full 0):
 garbage-first heap   total 116736K, used 83968K [0x0000000705600000, 0x0000000800000000)
  region size 2048K, 8 young (16384K), 1 survivors (2048K)
 Metaspace       used 55542K, committed 55808K, reserved 1105920K
  class space    used 5830K, committed 5952K, reserved 1048576K
}
Event: 74.517 GC heap after
{Heap after GC invocations=23 (full 0):
 garbage-first heap   total 233472K, used 79148K [0x0000000705600000, 0x0000000800000000)
  region size 2048K, 1 young (2048K), 1 survivors (2048K)
 Metaspace       used 55542K, committed 55808K, reserved 1105920K
  class space    used 5830K, committed 5952K, reserved 1048576K
}
Event: 74.604 GC heap before
{Heap before GC invocations=23 (full 0):
 garbage-first heap   total 233472K, used 128300K [0x0000000705600000, 0x0000000800000000)
  region size 2048K, 24 young (49152K), 1 survivors (2048K)
 Metaspace       used 55561K, committed 55808K, reserved 1105920K
  class space    used 5833K, committed 5952K, reserved 1048576K
}
Event: 74.619 GC heap after
{Heap after GC invocations=24 (full 0):
 garbage-first heap   total 233472K, used 109579K [0x0000000705600000, 0x0000000800000000)
  region size 2048K, 3 young (6144K), 3 survivors (6144K)
 Metaspace       used 55561K, committed 55808K, reserved 1105920K
  class space    used 5833K, committed 5952K, reserved 1048576K
}
Event: 74.664 GC heap before
{Heap before GC invocations=24 (full 0):
 garbage-first heap   total 233472K, used 144395K [0x0000000705600000, 0x0000000800000000)
  region size 2048K, 21 young (43008K), 3 survivors (6144K)
 Metaspace       used 55561K, committed 55808K, reserved 1105920K
  class space    used 5833K, committed 5952K, reserved 1048576K
}
Event: 74.678 GC heap after
{Heap after GC invocations=25 (full 0):
 garbage-first heap   total 233472K, used 131072K [0x0000000705600000, 0x0000000800000000)
  region size 2048K, 3 young (6144K), 3 survivors (6144K)
 Metaspace       used 55561K, committed 55808K, reserved 1105920K
  class space    used 5833K, committed 5952K, reserved 1048576K
}
Event: 74.720 GC heap before
{Heap before GC invocations=25 (full 0):
 garbage-first heap   total 233472K, used 157696K [0x0000000705600000, 0x0000000800000000)
  region size 2048K, 17 young (34816K), 3 survivors (6144K)
 Metaspace       used 55561K, committed 55808K, reserved 1105920K
  class space    used 5833K, committed 5952K, reserved 1048576K
}
Event: 74.730 GC heap after
{Heap after GC invocations=26 (full 0):
 garbage-first heap   total 233472K, used 148071K [0x0000000705600000, 0x0000000800000000)
  region size 2048K, 3 young (6144K), 3 survivors (6144K)
 Metaspace       used 55561K, committed 55808K, reserved 1105920K
  class space    used 5833K, committed 5952K, reserved 1048576K
}
Event: 75.092 GC heap before
{Heap before GC invocations=27 (full 0):
 garbage-first heap   total 264192K, used 166503K [0x0000000705600000, 0x0000000800000000)
  region size 2048K, 13 young (26624K), 3 survivors (6144K)
 Metaspace       used 60095K, committed 60352K, reserved 1105920K
  class space    used 6360K, committed 6464K, reserved 1048576K
}
Event: 75.098 GC heap after
{Heap after GC invocations=28 (full 0):
 garbage-first heap   total 264192K, used 152090K [0x0000000705600000, 0x0000000800000000)
  region size 2048K, 2 young (4096K), 2 survivors (4096K)
 Metaspace       used 60095K, committed 60352K, reserved 1105920K
  class space    used 6360K, committed 6464K, reserved 1048576K
}
Event: 75.284 GC heap before
{Heap before GC invocations=28 (full 0):
 garbage-first heap   total 264192K, used 160282K [0x0000000705600000, 0x0000000800000000)
  region size 2048K, 6 young (12288K), 2 survivors (4096K)
 Metaspace       used 62379K, committed 62720K, reserved 1105920K
  class space    used 6695K, committed 6848K, reserved 1048576K
}

Deoptimization events (20 events):
Event: 75.249 Thread 0x0000024f2aaac820 Uncommon trap: trap_request=0xffffffbe fr.pc=0x0000024f1208b134 relative=0x00000000000004d4
Event: 75.249 Thread 0x0000024f2aaac820 Uncommon trap: reason=profile_predicate action=maybe_recompile pc=0x0000024f1208b134 method=com.spire.xls.packages.sprywz.spr⑊┐﻿—(Lcom/spire/xls/packages/sprfzz;ILjava/lang/CharSequence;)Z @ 16 c2
Event: 75.249 Thread 0x0000024f2aaac820 DEOPT PACKING pc=0x0000024f1208b134 sp=0x000000be392fdfb0
Event: 75.249 Thread 0x0000024f2aaac820 DEOPT UNPACKING pc=0x0000024f0a485c23 sp=0x000000be392fdf38 mode 2
Event: 75.274 Thread 0x0000024f2aaac820 Uncommon trap: trap_request=0xffffffde fr.pc=0x0000024f1201c374 relative=0x0000000000000774
Event: 75.274 Thread 0x0000024f2aaac820 Uncommon trap: reason=class_check action=maybe_recompile pc=0x0000024f1201c374 method=com.spire.ms.System.Collections.Generic.Dictionary.addItem(Ljava/lang/Object;Ljava/lang/Object;)V @ 19 c2
Event: 75.274 Thread 0x0000024f2aaac820 DEOPT PACKING pc=0x0000024f1201c374 sp=0x000000be392fde70
Event: 75.274 Thread 0x0000024f2aaac820 DEOPT UNPACKING pc=0x0000024f0a485c23 sp=0x000000be392fde40 mode 2
Event: 75.274 Thread 0x0000024f2aaac820 Uncommon trap: trap_request=0xffffffde fr.pc=0x0000024f1201c374 relative=0x0000000000000774
Event: 75.274 Thread 0x0000024f2aaac820 Uncommon trap: reason=class_check action=maybe_recompile pc=0x0000024f1201c374 method=com.spire.ms.System.Collections.Generic.Dictionary.addItem(Ljava/lang/Object;Ljava/lang/Object;)V @ 19 c2
Event: 75.274 Thread 0x0000024f2aaac820 DEOPT PACKING pc=0x0000024f1201c374 sp=0x000000be392fde70
Event: 75.274 Thread 0x0000024f2aaac820 DEOPT UNPACKING pc=0x0000024f0a485c23 sp=0x000000be392fde40 mode 2
Event: 75.274 Thread 0x0000024f2aaac820 Uncommon trap: trap_request=0xffffffde fr.pc=0x0000024f1201c374 relative=0x0000000000000774
Event: 75.274 Thread 0x0000024f2aaac820 Uncommon trap: reason=class_check action=maybe_recompile pc=0x0000024f1201c374 method=com.spire.ms.System.Collections.Generic.Dictionary.addItem(Ljava/lang/Object;Ljava/lang/Object;)V @ 19 c2
Event: 75.274 Thread 0x0000024f2aaac820 DEOPT PACKING pc=0x0000024f1201c374 sp=0x000000be392fde70
Event: 75.274 Thread 0x0000024f2aaac820 DEOPT UNPACKING pc=0x0000024f0a485c23 sp=0x000000be392fde40 mode 2
Event: 75.274 Thread 0x0000024f2aaac820 Uncommon trap: trap_request=0xffffffde fr.pc=0x0000024f1201c374 relative=0x0000000000000774
Event: 75.274 Thread 0x0000024f2aaac820 Uncommon trap: reason=class_check action=maybe_recompile pc=0x0000024f1201c374 method=com.spire.ms.System.Collections.Generic.Dictionary.addItem(Ljava/lang/Object;Ljava/lang/Object;)V @ 19 c2
Event: 75.274 Thread 0x0000024f2aaac820 DEOPT PACKING pc=0x0000024f1201c374 sp=0x000000be392fde70
Event: 75.274 Thread 0x0000024f2aaac820 DEOPT UNPACKING pc=0x0000024f0a485c23 sp=0x000000be392fde40 mode 2

Classes unloaded (0 events):
No events

Classes redefined (0 events):
No events

Internal exceptions (20 events):
Event: 9.358 Thread 0x0000024f2aaac820 Exception <a 'java/lang/NoSuchMethodError'{0x000000070972d980}: 'double java.lang.invoke.DirectMethodHandle$Holder.invokeVirtual(java.lang.Object, java.lang.Object)'> (0x000000070972d980) 
thrown [e:\jenkins\tmp\workspace\build\src\src\hotspot\share\interpreter\linkResolver.cpp, line 766]
Event: 9.358 Thread 0x0000024f2aaac820 Exception <a 'java/lang/NoSuchMethodError'{0x0000000709734100}: 'float java.lang.invoke.DirectMethodHandle$Holder.invokeVirtual(java.lang.Object, java.lang.Object)'> (0x0000000709734100) 
thrown [e:\jenkins\tmp\workspace\build\src\src\hotspot\share\interpreter\linkResolver.cpp, line 766]
Event: 9.358 Thread 0x0000024f2aaac820 Exception <a 'java/lang/NoSuchMethodError'{0x000000070973d348}: 'long java.lang.invoke.DirectMethodHandle$Holder.invokeVirtual(java.lang.Object, java.lang.Object)'> (0x000000070973d348) 
thrown [e:\jenkins\tmp\workspace\build\src\src\hotspot\share\interpreter\linkResolver.cpp, line 766]
Event: 9.361 Thread 0x0000024f2aaac820 Exception <a 'java/lang/NoSuchMethodError'{0x0000000709769dd0}: 'java.lang.Object java.lang.invoke.DirectMethodHandle$Holder.invokeVirtual(java.lang.Object, java.lang.Object, java.lang.Object)'> (0x0000000709769dd0) 
thrown [e:\jenkins\tmp\workspace\build\src\src\hotspot\share\interpreter\linkResolver.cpp, line 766]
Event: 9.383 Thread 0x0000024f2aaac820 Exception <a 'java/lang/NoSuchMethodError'{0x00000007094b1190}: 'void java.lang.invoke.DirectMethodHandle$Holder.invokeSpecial(java.lang.Object, java.lang.Object, java.lang.Object, java.lang.Object, java.lang.Object)'> (0x00000007094b1190) 
thrown [e:\jenkins\tmp\workspace\build\src\src\hotspot\share\interpreter\linkResolver.cpp, line 766]
Event: 9.421 Thread 0x0000024f2aaac820 Exception <a 'java/lang/NoSuchMethodError'{0x0000000715005218}: 'void java.lang.invoke.DirectMethodHandle$Holder.invokeInterface(java.lang.Object, java.lang.Object, java.lang.Object)'> (0x0000000715005218) 
thrown [e:\jenkins\tmp\workspace\build\src\src\hotspot\share\interpreter\linkResolver.cpp, line 766]
Event: 9.486 Thread 0x0000024f2aaac820 Exception <a 'java/lang/NoSuchMethodError'{0x000000071470de08}: 'void java.lang.invoke.DirectMethodHandle$Holder.invokeStatic(java.lang.Object, java.lang.Object, java.lang.Object, java.lang.Object)'> (0x000000071470de08) 
thrown [e:\jenkins\tmp\workspace\build\src\src\hotspot\share\interpreter\linkResolver.cpp, line 766]
Event: 17.287 Thread 0x0000024f2aaac820 Exception <a 'java/lang/NoSuchMethodError'{0x0000000709916ca8}: 'java.lang.Object java.lang.invoke.DirectMethodHandle$Holder.invokeSpecialIFC(java.lang.Object, java.lang.Object, java.lang.Object)'> (0x0000000709916ca8) 
thrown [e:\jenkins\tmp\workspace\build\src\src\hotspot\share\interpreter\linkResolver.cpp, line 766]
Event: 17.304 Thread 0x0000024f2aaac820 Exception <a 'java/lang/ClassNotFoundException'{0x0000000709996278}: sun/util/logging/resources/spi/loggingProvider> (0x0000000709996278) 
thrown [e:\jenkins\tmp\workspace\build\src\src\hotspot\share\classfile\systemDictionary.cpp, line 256]
Event: 17.318 Thread 0x0000024f2aaac820 Exception <a 'java/lang/NoSuchMethodError'{0x0000000709614598}: 'java.lang.Object java.lang.invoke.Invokers$Holder.invoke_MT(java.lang.Object, java.lang.Object, java.lang.Object, java.lang.Object, java.lang.Object)'> (0x0000000709614598) 
thrown [e:\jenkins\tmp\workspace\build\src\src\hotspot\share\interpreter\linkResolver.cpp, line 766]
Event: 17.319 Thread 0x0000024f2aaac820 Exception <a 'java/lang/NoSuchMethodError'{0x0000000709618958}: 'void java.lang.invoke.Invokers$Holder.invokeExact_MT(java.lang.Object, java.lang.Object, java.lang.Object, java.lang.Object, java.lang.Object)'> (0x0000000709618958) 
thrown [e:\jenkins\tmp\workspace\build\src\src\hotspot\share\interpreter\linkResolver.cpp, line 766]
Event: 17.358 Thread 0x0000024f2aaac820 Exception <a 'java/lang/NoSuchMethodError'{0x00000007096ce678}: 'java.lang.Object java.lang.invoke.DirectMethodHandle$Holder.invokeSpecialIFC(java.lang.Object, java.lang.Object)'> (0x00000007096ce678) 
thrown [e:\jenkins\tmp\workspace\build\src\src\hotspot\share\interpreter\linkResolver.cpp, line 766]
Event: 17.878 Thread 0x0000024f2aaac820 Exception <a 'java/lang/ClassNotFoundException'{0x000000071507f6c0}: com/sun/org/apache/xml/internal/serializer/spi/XMLEntitiesProvider> (0x000000071507f6c0) 
thrown [e:\jenkins\tmp\workspace\build\src\src\hotspot\share\classfile\systemDictionary.cpp, line 256]
Event: 18.002 Thread 0x0000024f2aaac820 Exception <a 'java/io/FileNotFoundException'{0x0000000709842ab0}> (0x0000000709842ab0) 
thrown [e:\jenkins\tmp\workspace\build\src\src\hotspot\share\prims\jni.cpp, line 516]
Event: 18.143 Thread 0x0000024f2aaac820 Exception <a 'java/lang/NoSuchMethodError'{0x00000007092031d0}: 'void java.lang.invoke.DirectMethodHandle$Holder.invokeVirtual(java.lang.Object, java.lang.Object)'> (0x00000007092031d0) 
thrown [e:\jenkins\tmp\workspace\build\src\src\hotspot\share\interpreter\linkResolver.cpp, line 766]
Event: 32.300 Thread 0x0000024f2aaac820 Exception <a 'java/lang/ClassNotFoundException'{0x0000000708d72b80}: sun/misc/SharedSecrets> (0x0000000708d72b80) 
thrown [e:\jenkins\tmp\workspace\build\src\src\hotspot\share\classfile\systemDictionary.cpp, line 256]
Event: 73.515 Thread 0x0000024f2aaac820 Exception <a 'java/lang/ClassNotFoundException'{0x0000000714823330}: sun/awt/resources/spi/awtProvider> (0x0000000714823330) 
thrown [e:\jenkins\tmp\workspace\build\src\src\hotspot\share\classfile\systemDictionary.cpp, line 256]
Event: 73.519 Thread 0x0000024f2aaac820 Exception <a 'java/io/FileNotFoundException'{0x0000000714825c20}> (0x0000000714825c20) 
thrown [e:\jenkins\tmp\workspace\build\src\src\hotspot\share\prims\jni.cpp, line 516]
Event: 73.520 Thread 0x0000024f2aaac820 Exception <a 'java/io/FileNotFoundException'{0x0000000714827340}> (0x0000000714827340) 
thrown [e:\jenkins\tmp\workspace\build\src\src\hotspot\share\prims\jni.cpp, line 516]
Event: 73.579 Thread 0x0000024f2aaac820 Exception <a 'java/lang/NoSuchMethodError'{0x000000071488b848}: 'void java.lang.invoke.DirectMethodHandle$Holder.invokeStaticInit(java.lang.Object)'> (0x000000071488b848) 
thrown [e:\jenkins\tmp\workspace\build\src\src\hotspot\share\interpreter\linkResolver.cpp, line 766]

VM Operations (20 events):
Event: 74.484 Executing VM operation: G1Concurrent done
Event: 74.512 Executing VM operation: G1CollectForAllocation
Event: 74.517 Executing VM operation: G1CollectForAllocation done
Event: 74.604 Executing VM operation: G1CollectForAllocation
Event: 74.619 Executing VM operation: G1CollectForAllocation done
Event: 74.664 Executing VM operation: G1CollectForAllocation
Event: 74.678 Executing VM operation: G1CollectForAllocation done
Event: 74.720 Executing VM operation: G1CollectForAllocation
Event: 74.730 Executing VM operation: G1CollectForAllocation done
Event: 74.798 Executing VM operation: G1Concurrent
Event: 74.801 Executing VM operation: G1Concurrent done
Event: 74.851 Executing VM operation: G1Concurrent
Event: 74.851 Executing VM operation: G1Concurrent done
Event: 75.091 Executing VM operation: HandshakeAllThreads
Event: 75.091 Executing VM operation: HandshakeAllThreads done
Event: 75.091 Executing VM operation: G1CollectForAllocation
Event: 75.098 Executing VM operation: G1CollectForAllocation done
Event: 75.221 Executing VM operation: HandshakeAllThreads
Event: 75.221 Executing VM operation: HandshakeAllThreads done
Event: 75.284 Executing VM operation: G1CollectForAllocation

Events (20 events):
Event: 75.236 loading class java/text/PatternEntry
Event: 75.236 loading class java/text/PatternEntry done
Event: 75.237 loading class java/text/EntryPair
Event: 75.237 loading class java/text/EntryPair done
Event: 75.237 loading class sun/text/ComposedCharIter
Event: 75.238 loading class sun/text/ComposedCharIter done
Event: 75.239 Thread 0x0000024f264290e0 Thread added: 0x0000024f264290e0
Event: 75.240 Thread 0x0000024f26393bc0 Thread added: 0x0000024f26393bc0
Event: 75.241 loading class java/text/CollationElementIterator
Event: 75.241 loading class java/text/CollationElementIterator done
Event: 75.241 loading class sun/text/CollatorUtilities
Event: 75.241 loading class sun/text/CollatorUtilities done
Event: 75.242 loading class jdk/internal/icu/text/UCharacterIterator
Event: 75.242 loading class jdk/internal/icu/text/UCharacterIterator done
Event: 75.242 loading class jdk/internal/icu/impl/ReplaceableUCharacterIterator
Event: 75.242 loading class jdk/internal/icu/impl/ReplaceableUCharacterIterator done
Event: 75.242 loading class jdk/internal/icu/text/ReplaceableString
Event: 75.242 loading class jdk/internal/icu/text/Replaceable
Event: 75.242 loading class jdk/internal/icu/text/Replaceable done
Event: 75.242 loading class jdk/internal/icu/text/ReplaceableString done


Dynamic libraries:
0x00007ff65d970000 - 0x00007ff65d97e000 	C:\eclipse\plugins\org.eclipse.justj.openjdk.hotspot.jre.full.win32.x86_64_17.0.3.v20220515-1416\jre\bin\javaw.exe
0x00007ffdb6d10000 - 0x00007ffdb6f08000 	C:\Windows\SYSTEM32\ntdll.dll
0x00007ffdb5780000 - 0x00007ffdb583f000 	C:\Windows\System32\KERNEL32.DLL
0x00007ffdb4440000 - 0x00007ffdb4736000 	C:\Windows\System32\KERNELBASE.dll
0x00007ffdb48d0000 - 0x00007ffdb49d0000 	C:\Windows\System32\ucrtbase.dll
0x00007ffd97450000 - 0x00007ffd97468000 	C:\eclipse\plugins\org.eclipse.justj.openjdk.hotspot.jre.full.win32.x86_64_17.0.3.v20220515-1416\jre\bin\jli.dll
0x00007ffdae920000 - 0x00007ffdae939000 	C:\eclipse\plugins\org.eclipse.justj.openjdk.hotspot.jre.full.win32.x86_64_17.0.3.v20220515-1416\jre\bin\VCRUNTIME140.dll
0x00007ffdb4e00000 - 0x00007ffdb4f9d000 	C:\Windows\System32\USER32.dll
0x00007ffdb4740000 - 0x00007ffdb4762000 	C:\Windows\System32\win32u.dll
0x00007ffdb5a20000 - 0x00007ffdb5a4c000 	C:\Windows\System32\GDI32.dll
0x00007ffd9d410000 - 0x00007ffd9d6aa000 	C:\Windows\WinSxS\amd64_microsoft.windows.common-controls_6595b64144ccf1df_6.0.19041.1110_none_60b5254171f9507e\COMCTL32.dll
0x00007ffdb4aa0000 - 0x00007ffdb4bb5000 	C:\Windows\System32\gdi32full.dll
0x00007ffdb4a00000 - 0x00007ffdb4a9d000 	C:\Windows\System32\msvcp_win.dll
0x00007ffdb5c00000 - 0x00007ffdb5c9e000 	C:\Windows\System32\msvcrt.dll
0x00007ffdb4fa0000 - 0x00007ffdb4fd0000 	C:\Windows\System32\IMM32.DLL
0x00007ffdaf840000 - 0x00007ffdaf84c000 	C:\eclipse\plugins\org.eclipse.justj.openjdk.hotspot.jre.full.win32.x86_64_17.0.3.v20220515-1416\jre\bin\vcruntime140_1.dll
0x00007ffd8a7c0000 - 0x00007ffd8a851000 	C:\eclipse\plugins\org.eclipse.justj.openjdk.hotspot.jre.full.win32.x86_64_17.0.3.v20220515-1416\jre\bin\msvcp140.dll
0x00007ffd40f10000 - 0x00007ffd41b58000 	C:\eclipse\plugins\org.eclipse.justj.openjdk.hotspot.jre.full.win32.x86_64_17.0.3.v20220515-1416\jre\bin\server\jvm.dll
0x00007ffdb5970000 - 0x00007ffdb5a1f000 	C:\Windows\System32\ADVAPI32.dll
0x00007ffdb6760000 - 0x00007ffdb67fc000 	C:\Windows\System32\sechost.dll
0x00007ffdb6980000 - 0x00007ffdb6aa6000 	C:\Windows\System32\RPCRT4.dll
0x00007ffdb6ca0000 - 0x00007ffdb6ca8000 	C:\Windows\System32\PSAPI.DLL
0x00007ffd96370000 - 0x00007ffd96379000 	C:\Windows\SYSTEM32\WSOCK32.dll
0x00007ffdac190000 - 0x00007ffdac19a000 	C:\Windows\SYSTEM32\VERSION.dll
0x00007ffdb6860000 - 0x00007ffdb68cb000 	C:\Windows\System32\WS2_32.dll
0x00007ffdaa010000 - 0x00007ffdaa037000 	C:\Windows\SYSTEM32\WINMM.dll
0x00007ffdb2c10000 - 0x00007ffdb2c22000 	C:\Windows\SYSTEM32\kernel.appcore.dll
0x00007ffd9afc0000 - 0x00007ffd9afca000 	C:\eclipse\plugins\org.eclipse.justj.openjdk.hotspot.jre.full.win32.x86_64_17.0.3.v20220515-1416\jre\bin\jimage.dll
0x00007ffdb2210000 - 0x00007ffdb23f4000 	C:\Windows\SYSTEM32\DBGHELP.DLL
0x00007ffd99740000 - 0x00007ffd99774000 	C:\Windows\SYSTEM32\dbgcore.DLL
0x00007ffdb4ce0000 - 0x00007ffdb4d62000 	C:\Windows\System32\bcryptPrimitives.dll
0x00007ffd99e60000 - 0x00007ffd99e85000 	C:\eclipse\plugins\org.eclipse.justj.openjdk.hotspot.jre.full.win32.x86_64_17.0.3.v20220515-1416\jre\bin\java.dll
0x00007ffd963e0000 - 0x00007ffd963f8000 	C:\eclipse\plugins\org.eclipse.justj.openjdk.hotspot.jre.full.win32.x86_64_17.0.3.v20220515-1416\jre\bin\zip.dll
0x00007ffdb5030000 - 0x00007ffdb5774000 	C:\Windows\System32\SHELL32.dll
0x00007ffdb2430000 - 0x00007ffdb2bc3000 	C:\Windows\SYSTEM32\windows.storage.dll
0x00007ffdb5cb0000 - 0x00007ffdb6004000 	C:\Windows\System32\combase.dll
0x00007ffdb3c80000 - 0x00007ffdb3cae000 	C:\Windows\SYSTEM32\Wldp.dll
0x00007ffdb66a0000 - 0x00007ffdb674d000 	C:\Windows\System32\SHCORE.dll
0x00007ffdb6800000 - 0x00007ffdb6855000 	C:\Windows\System32\shlwapi.dll
0x00007ffdb4320000 - 0x00007ffdb4345000 	C:\Windows\SYSTEM32\profapi.dll
0x00007ffd93b70000 - 0x00007ffd93b89000 	C:\eclipse\plugins\org.eclipse.justj.openjdk.hotspot.jre.full.win32.x86_64_17.0.3.v20220515-1416\jre\bin\net.dll
0x00007ffdaeb40000 - 0x00007ffdaec4a000 	C:\Windows\SYSTEM32\WINHTTP.dll
0x00007ffdb3a60000 - 0x00007ffdb3aca000 	C:\Windows\system32\mswsock.dll
0x00007ffd88620000 - 0x00007ffd88635000 	C:\eclipse\plugins\org.eclipse.justj.openjdk.hotspot.jre.full.win32.x86_64_17.0.3.v20220515-1416\jre\bin\nio.dll
0x00007ffd97240000 - 0x00007ffd97250000 	C:\eclipse\plugins\org.eclipse.justj.openjdk.hotspot.jre.full.win32.x86_64_17.0.3.v20220515-1416\jre\bin\verify.dll
0x00007ffdb37b0000 - 0x00007ffdb387a000 	C:\Windows\SYSTEM32\DNSAPI.dll
0x00007ffdb3770000 - 0x00007ffdb37ab000 	C:\Windows\SYSTEM32\IPHLPAPI.DLL
0x00007ffdb6750000 - 0x00007ffdb6758000 	C:\Windows\System32\NSI.dll
0x00007ffdab880000 - 0x00007ffdab88a000 	C:\Windows\System32\rasadhlp.dll
0x00007ffdaa940000 - 0x00007ffdaa9c2000 	C:\Windows\System32\fwpuclnt.dll
0x00007ffdb49d0000 - 0x00007ffdb49f7000 	C:\Windows\System32\bcrypt.dll
0x00007ffdb3d20000 - 0x00007ffdb3d38000 	C:\Windows\SYSTEM32\CRYPTSP.dll
0x00007ffdb3390000 - 0x00007ffdb33c4000 	C:\Windows\system32\rsaenh.dll
0x00007ffdb42e0000 - 0x00007ffdb430e000 	C:\Windows\SYSTEM32\USERENV.dll
0x00007ffdb3bf0000 - 0x00007ffdb3bfc000 	C:\Windows\SYSTEM32\CRYPTBASE.dll
0x00007ffdab890000 - 0x00007ffdab8a7000 	C:\Windows\SYSTEM32\dhcpcsvc6.DLL
0x00007ffdac420000 - 0x00007ffdac43d000 	C:\Windows\SYSTEM32\dhcpcsvc.DLL
0x00007ffd8bc90000 - 0x00007ffd8bc99000 	C:\eclipse\plugins\org.eclipse.justj.openjdk.hotspot.jre.full.win32.x86_64_17.0.3.v20220515-1416\jre\bin\management.dll
0x00007ffd88610000 - 0x00007ffd8861b000 	C:\eclipse\plugins\org.eclipse.justj.openjdk.hotspot.jre.full.win32.x86_64_17.0.3.v20220515-1416\jre\bin\management_ext.dll
0x00007ffd8e550000 - 0x00007ffd8e567000 	C:\Windows\system32\napinsp.dll
0x00007ffd8e530000 - 0x00007ffd8e54b000 	C:\Windows\system32\pnrpnsp.dll
0x00007ffdaee20000 - 0x00007ffdaee35000 	C:\Windows\system32\wshbth.dll
0x00007ffdaf5c0000 - 0x00007ffdaf5dd000 	C:\Windows\system32\NLAapi.dll
0x00007ffd8e4d0000 - 0x00007ffd8e4e2000 	C:\Windows\System32\winrnr.dll
0x00007ffd96d50000 - 0x00007ffd96d5e000 	C:\eclipse\plugins\org.eclipse.justj.openjdk.hotspot.jre.full.win32.x86_64_17.0.3.v20220515-1416\jre\bin\sunmscapi.dll
0x00007ffdb4770000 - 0x00007ffdb48ce000 	C:\Windows\System32\CRYPT32.dll
0x00007ffdb3ea0000 - 0x00007ffdb3ec8000 	C:\Windows\SYSTEM32\ncrypt.dll
0x00007ffdb3e60000 - 0x00007ffdb3e9b000 	C:\Windows\SYSTEM32\NTASN1.dll
0x00007ffd7fab0000 - 0x00007ffd7fc3e000 	C:\eclipse\plugins\org.eclipse.justj.openjdk.hotspot.jre.full.win32.x86_64_17.0.3.v20220515-1416\jre\bin\awt.dll
0x00007ffdb6ab0000 - 0x00007ffdb6b7d000 	C:\Windows\System32\OLEAUT32.dll
0x00007ffdb15b0000 - 0x00007ffdb1641000 	C:\Windows\SYSTEM32\apphelp.dll
0x00007ffdb1890000 - 0x00007ffdb192e000 	C:\Windows\system32\uxtheme.dll
0x00007ffdb6b80000 - 0x00007ffdb6c94000 	C:\Windows\System32\MSCTF.dll
0x00007ffdb5840000 - 0x00007ffdb596a000 	C:\Windows\System32\ole32.dll

dbghelp: loaded successfully - version: 4.0.5 - missing functions: none
symbol engine: initialized successfully - sym options: 0x614 - pdb path: .;C:\eclipse\plugins\org.eclipse.justj.openjdk.hotspot.jre.full.win32.x86_64_17.0.3.v20220515-1416\jre\bin;C:\Windows\SYSTEM32;C:\Windows\WinSxS\amd64_microsoft.windows.common-controls_6595b64144ccf1df_6.0.19041.1110_none_60b5254171f9507e;C:\eclipse\plugins\org.eclipse.justj.openjdk.hotspot.jre.full.win32.x86_64_17.0.3.v20220515-1416\jre\bin\server

VM Arguments:
jvm_args: -ea -Dfile.encoding=UTF-8 -XX:+ShowCodeDetailsInExceptionMessages 
java_command: org.testng.remote.RemoteTestNG -serport 53505 -protocol json -d C:\Users\Shakir\OneDrive - Intact Green Services (India) PVT LTD\Desktop\CharlesAndroidHipiNeo\test-output C:\Users\Shakir\OneDrive - Intact Green Services (India) PVT LTD\Desktop\CharlesAndroidHipiNeo\Android_HiPi_Neo.xml
java_class_path (initial): C:\eclipse\configuration\org.eclipse.osgi\892\0\.cp\lib\testng-remote.jar;C:\Users\Shakir\OneDrive - Intact Green Services (India) PVT LTD\Desktop\CharlesAndroidHipiNeo\target\test-classes;C:\Users\Shakir\OneDrive - Intact Green Services (India) PVT LTD\Desktop\CharlesAndroidHipiNeo\target\classes;C:\Users\Shakir\Downloads\spire.xls-13.6.5.jar;C:\Users\Shakir\.m2\repository\io\appium\java-client\7.2.0\java-client-7.2.0.jar;C:\Users\Shakir\.m2\repository\org\seleniumhq\selenium\selenium-support\3.141.59\selenium-support-3.141.59.jar;C:\Users\Shakir\.m2\repository\org\seleniumhq\selenium\selenium-api\3.141.59\selenium-api-3.141.59.jar;C:\Users\Shakir\.m2\repository\com\google\code\gson\gson\2.8.5\gson-2.8.5.jar;C:\Users\Shakir\.m2\repository\org\apache\httpcomponents\httpclient\4.5.9\httpclient-4.5.9.jar;C:\Users\Shakir\.m2\repository\cglib\cglib\3.2.12\cglib-3.2.12.jar;C:\Users\Shakir\.m2\repository\org\ow2\asm\asm\7.1\asm-7.1.jar;C:\Users\Shakir\.m2\repository\org\springframework\spring-context\5.1.8.RELEASE\spring-context-5.1.8.RELEASE.jar;C:\Users\Shakir\.m2\repository\org\springframework\spring-aop\5.1.8.RELEASE\spring-aop-5.1.8.RELEASE.jar;C:\Users\Shakir\.m2\repository\org\springframework\spring-beans\5.1.8.RELEASE\spring-beans-5.1.8.RELEASE.jar;C:\Users\Shakir\.m2\repository\org\springframework\spring-core\5.1.8.RELEASE\spring-core-5.1.8.RELEASE.jar;C:\Users\Shakir\.m2\repository\org\springframework\spring-jcl\5.1.8.RELEASE\spring-jcl-5.1.8.RELEASE.jar;C:\Users\Shakir\.m2\repository\org\springframework\spring-expression\5.1.8.RELEASE\spring-expression-5.1.8.RELEASE.jar;C:\Users\Shakir\.m2\repository\org\aspectj\aspectjweaver\1.9.4\aspectjweaver-1.9.4.jar;C:\Users\Shakir\.m2\repository\org\slf4j\slf4j-api\1.7.26\slf4j-api-1.7.26.jar;C:\Users\Shakir\.m2\repository\org\seleniumhq\selenium\selenium-java\3.141.59\selenium-java-3.141.59.jar;C:\Users\Shakir\.m2\repository\org\seleniumhq\selenium\selenium-chrome-driver\3.141.59\selenium-ch
Launcher Type: SUN_STANDARD

[Global flags]
     intx CICompilerCount                          = 4                                         {product} {ergonomic}
     uint ConcGCThreads                            = 2                                         {product} {ergonomic}
     uint G1ConcRefinementThreads                  = 8                                         {product} {ergonomic}
   size_t G1HeapRegionSize                         = 2097152                                   {product} {ergonomic}
    uintx GCDrainStackTargetSize                   = 64                                        {product} {ergonomic}
   size_t InitialHeapSize                          = 264241152                                 {product} {ergonomic}
   size_t MarkStackSize                            = 4194304                                   {product} {ergonomic}
   size_t MaxHeapSize                              = 4204789760                                {product} {ergonomic}
   size_t MaxNewSize                               = 2522873856                                {product} {ergonomic}
   size_t MinHeapDeltaBytes                        = 2097152                                   {product} {ergonomic}
   size_t MinHeapSize                              = 8388608                                   {product} {ergonomic}
    uintx NonNMethodCodeHeapSize                   = 5839372                                {pd product} {ergonomic}
    uintx NonProfiledCodeHeapSize                  = 122909434                              {pd product} {ergonomic}
    uintx ProfiledCodeHeapSize                     = 122909434                              {pd product} {ergonomic}
    uintx ReservedCodeCacheSize                    = 251658240                              {pd product} {ergonomic}
     bool SegmentedCodeCache                       = true                                      {product} {ergonomic}
     bool ShowCodeDetailsInExceptionMessages       = true                                   {manageable} {command line}
   size_t SoftMaxHeapSize                          = 4204789760                             {manageable} {ergonomic}
     bool UseCompressedClassPointers               = true                           {product lp64_product} {ergonomic}
     bool UseCompressedOops                        = true                           {product lp64_product} {ergonomic}
     bool UseG1GC                                  = true                                      {product} {ergonomic}
     bool UseLargePagesIndividualAllocation        = false                                  {pd product} {ergonomic}

Logging:
Log output configuration:
 #0: stdout all=warning uptime,level,tags
 #1: stderr all=off uptime,level,tags

Environment Variables:
JAVA_HOME=C:\Program Files\Java\jdk1.8.0_201
PATH=C:/eclipse//plugins/org.eclipse.justj.openjdk.hotspot.jre.full.win32.x86_64_17.0.3.v20220515-1416/jre/bin/server;C:/eclipse//plugins/org.eclipse.justj.openjdk.hotspot.jre.full.win32.x86_64_17.0.3.v20220515-1416/jre/bin;C:\Program Files (x86)\Common Files\Oracle\Java\javapath;C:\Windows\system32;C:\Windows;C:\Windows\System32\Wbem;C:\Windows\System32\WindowsPowerShell\v1.0\;C:\Windows\System32\OpenSSH\;C:\Program Files\apache-maven-3.8.6\bin;C:\Program Files\Git\cmd;C:\Program Files\Git\bin;C:\Program Files\Java\jre1.8.0_201\bin;C:\Program Files\Charles;C:\Android\Sdk\platform-tools;C:\Android\Sdk\build-tools;C:\Program Files\nodejs;C:\Program Files\Java\jdk1.8.0_201;C:\Program Files\Java\jdk1.8.0_201\bin;C:\Program Files\nodejs\;C:\Android\Sdk\build-tools\34.0.0;C:\Android\Sdk\platforms\android-34;C:\Users\Shakir\AppData\Roaming\npm;C:\eclipse;;C:\eclipse;
USERNAME=Shakir
OS=Windows_NT
PROCESSOR_IDENTIFIER=Intel64 Family 6 Model 140 Stepping 1, GenuineIntel



---------------  S Y S T E M  ---------------

OS:
 Windows 10 , 64 bit Build 19041 (10.0.19041.3155)
OS uptime: 1 days 1:24 hours
Hyper-V role detected

CPU: total 8 (initial active 8) (4 cores per cpu, 2 threads per core) family 6 model 140 stepping 1 microcode 0xa4, cx8, cmov, fxsr, ht, mmx, 3dnowpref, sse, sse2, sse3, ssse3, sse4.1, sse4.2, popcnt, lzcnt, tsc, tscinvbit, avx, avx2, aes, erms, clmul, bmi1, bmi2, adx, avx512f, avx512dq, avx512cd, avx512bw, avx512vl, sha, fma, vzeroupper, avx512_vpopcntdq, avx512_vpclmulqdq, avx512_vaes, avx512_vnni, clflush, clflushopt, clwb, avx512_vbmi2, avx512_vbmi, hv

Memory: 4k page, system-wide physical 16039M (747M free)
TotalPageFile size 16039M (AvailPageFile size 212M)
current process WorkingSet (physical memory assigned to process): 382M, peak: 382M
current process commit charge ("private bytes"): 461M, peak: 739M

vm_info: OpenJDK 64-Bit Server VM (17.0.3+7) for windows-amd64 JRE (17.0.3+7), built on Apr 19 2022 16:55:35 by "" with MS VC++ 16.7 (VS2019)

END.
